{"/home/runner/work/lvm-mcp/lvm-mcp/executor.ts": {"path":"/home/runner/work/lvm-mcp/lvm-mcp/executor.ts","all":false,"statementMap":{"12":{"start":{"line":13,"column":0},"end":{"line":13,"column":53}},"13":{"start":{"line":14,"column":0},"end":{"line":14,"column":77}},"14":{"start":{"line":15,"column":0},"end":{"line":15,"column":51}},"15":{"start":{"line":16,"column":0},"end":{"line":16,"column":47}},"16":{"start":{"line":17,"column":0},"end":{"line":17,"column":38}},"18":{"start":{"line":19,"column":0},"end":{"line":19,"column":55}},"20":{"start":{"line":21,"column":0},"end":{"line":21,"column":9}},"21":{"start":{"line":22,"column":0},"end":{"line":22,"column":62}},"22":{"start":{"line":23,"column":0},"end":{"line":23,"column":14}},"23":{"start":{"line":24,"column":0},"end":{"line":24,"column":22}},"24":{"start":{"line":25,"column":0},"end":{"line":25,"column":30}},"25":{"start":{"line":26,"column":0},"end":{"line":26,"column":30}},"26":{"start":{"line":27,"column":0},"end":{"line":27,"column":22}},"27":{"start":{"line":28,"column":0},"end":{"line":28,"column":29}},"28":{"start":{"line":29,"column":0},"end":{"line":29,"column":8}},"29":{"start":{"line":30,"column":0},"end":{"line":30,"column":26}},"30":{"start":{"line":31,"column":0},"end":{"line":31,"column":14}},"31":{"start":{"line":32,"column":0},"end":{"line":32,"column":23}},"32":{"start":{"line":33,"column":0},"end":{"line":33,"column":43}},"33":{"start":{"line":34,"column":0},"end":{"line":34,"column":54}},"34":{"start":{"line":35,"column":0},"end":{"line":35,"column":37}},"35":{"start":{"line":36,"column":0},"end":{"line":36,"column":29}},"36":{"start":{"line":37,"column":0},"end":{"line":37,"column":8}},"37":{"start":{"line":38,"column":0},"end":{"line":38,"column":5}},"38":{"start":{"line":39,"column":0},"end":{"line":39,"column":3}},"39":{"start":{"line":40,"column":0},"end":{"line":40,"column":1}}},"s":{"12":1,"13":1,"14":0,"15":0,"16":0,"18":0,"20":0,"21":0,"22":0,"23":0,"24":0,"25":0,"26":0,"27":0,"28":0,"29":0,"30":0,"31":0,"32":0,"33":0,"34":0,"35":0,"36":0,"37":0,"38":0,"39":1},"branchMap":{},"b":{},"fnMap":{"0":{"name":"execute","decl":{"start":{"line":14,"column":2},"end":{"line":39,"column":3}},"loc":{"start":{"line":14,"column":2},"end":{"line":39,"column":3}},"line":14}},"f":{"0":0}}
,"/home/runner/work/lvm-mcp/lvm-mcp/index.ts": {"path":"/home/runner/work/lvm-mcp/lvm-mcp/index.ts","all":false,"statementMap":{"0":{"start":{"line":1,"column":0},"end":{"line":1,"column":24}},"9":{"start":{"line":10,"column":0},"end":{"line":10,"column":37}},"11":{"start":{"line":12,"column":0},"end":{"line":12,"column":50}},"12":{"start":{"line":13,"column":0},"end":{"line":13,"column":16}},"13":{"start":{"line":14,"column":0},"end":{"line":14,"column":1}},"15":{"start":{"line":16,"column":0},"end":{"line":16,"column":31}},"16":{"start":{"line":17,"column":0},"end":{"line":17,"column":18}},"17":{"start":{"line":18,"column":0},"end":{"line":18,"column":1}},"20":{"start":{"line":21,"column":0},"end":{"line":21,"column":27}},"21":{"start":{"line":22,"column":0},"end":{"line":22,"column":33}},"22":{"start":{"line":23,"column":0},"end":{"line":23,"column":57}},"23":{"start":{"line":24,"column":0},"end":{"line":24,"column":44}},"24":{"start":{"line":25,"column":0},"end":{"line":25,"column":3}},"27":{"start":{"line":28,"column":0},"end":{"line":28,"column":37}},"28":{"start":{"line":29,"column":0},"end":{"line":29,"column":51}},"29":{"start":{"line":30,"column":0},"end":{"line":30,"column":53}},"30":{"start":{"line":31,"column":0},"end":{"line":31,"column":54}},"31":{"start":{"line":32,"column":0},"end":{"line":32,"column":71}},"32":{"start":{"line":33,"column":0},"end":{"line":33,"column":78}},"33":{"start":{"line":34,"column":0},"end":{"line":34,"column":72}},"34":{"start":{"line":35,"column":0},"end":{"line":35,"column":79}},"35":{"start":{"line":36,"column":0},"end":{"line":36,"column":78}},"36":{"start":{"line":37,"column":0},"end":{"line":37,"column":72}},"37":{"start":{"line":38,"column":0},"end":{"line":38,"column":76}},"38":{"start":{"line":39,"column":0},"end":{"line":39,"column":92}},"39":{"start":{"line":40,"column":0},"end":{"line":40,"column":90}},"40":{"start":{"line":41,"column":0},"end":{"line":41,"column":75}},"41":{"start":{"line":42,"column":0},"end":{"line":42,"column":76}},"42":{"start":{"line":43,"column":0},"end":{"line":43,"column":75}},"43":{"start":{"line":44,"column":0},"end":{"line":44,"column":71}},"44":{"start":{"line":45,"column":0},"end":{"line":45,"column":82}},"45":{"start":{"line":46,"column":0},"end":{"line":46,"column":72}},"46":{"start":{"line":47,"column":0},"end":{"line":47,"column":77}},"47":{"start":{"line":48,"column":0},"end":{"line":48,"column":71}},"48":{"start":{"line":49,"column":0},"end":{"line":49,"column":132}},"49":{"start":{"line":50,"column":0},"end":{"line":50,"column":3}},"52":{"start":{"line":53,"column":0},"end":{"line":53,"column":37}},"53":{"start":{"line":54,"column":0},"end":{"line":54,"column":62}},"54":{"start":{"line":55,"column":0},"end":{"line":55,"column":66}},"55":{"start":{"line":56,"column":0},"end":{"line":56,"column":70}},"56":{"start":{"line":57,"column":0},"end":{"line":57,"column":77}},"57":{"start":{"line":58,"column":0},"end":{"line":58,"column":88}},"58":{"start":{"line":59,"column":0},"end":{"line":59,"column":3}},"61":{"start":{"line":62,"column":0},"end":{"line":62,"column":37}},"62":{"start":{"line":63,"column":0},"end":{"line":63,"column":62}},"63":{"start":{"line":64,"column":0},"end":{"line":64,"column":54}},"64":{"start":{"line":65,"column":0},"end":{"line":65,"column":88}},"65":{"start":{"line":66,"column":0},"end":{"line":66,"column":3}},"68":{"start":{"line":69,"column":0},"end":{"line":69,"column":37}},"69":{"start":{"line":70,"column":0},"end":{"line":70,"column":62}},"70":{"start":{"line":71,"column":0},"end":{"line":71,"column":73}},"71":{"start":{"line":72,"column":0},"end":{"line":72,"column":3}},"74":{"start":{"line":75,"column":0},"end":{"line":75,"column":37}},"75":{"start":{"line":76,"column":0},"end":{"line":76,"column":62}},"76":{"start":{"line":77,"column":0},"end":{"line":77,"column":59}},"77":{"start":{"line":78,"column":0},"end":{"line":78,"column":71}},"78":{"start":{"line":79,"column":0},"end":{"line":79,"column":55}},"79":{"start":{"line":80,"column":0},"end":{"line":80,"column":58}},"80":{"start":{"line":81,"column":0},"end":{"line":81,"column":3}},"83":{"start":{"line":84,"column":0},"end":{"line":84,"column":37}},"84":{"start":{"line":85,"column":0},"end":{"line":85,"column":51}},"85":{"start":{"line":86,"column":0},"end":{"line":86,"column":59}},"86":{"start":{"line":87,"column":0},"end":{"line":87,"column":65}},"87":{"start":{"line":88,"column":0},"end":{"line":88,"column":65}},"88":{"start":{"line":89,"column":0},"end":{"line":89,"column":75}},"89":{"start":{"line":90,"column":0},"end":{"line":90,"column":74}},"90":{"start":{"line":91,"column":0},"end":{"line":91,"column":3}},"93":{"start":{"line":94,"column":0},"end":{"line":94,"column":37}},"94":{"start":{"line":95,"column":0},"end":{"line":95,"column":51}},"95":{"start":{"line":96,"column":0},"end":{"line":96,"column":66}},"96":{"start":{"line":97,"column":0},"end":{"line":97,"column":3}},"99":{"start":{"line":100,"column":0},"end":{"line":100,"column":37}},"100":{"start":{"line":101,"column":0},"end":{"line":101,"column":51}},"101":{"start":{"line":102,"column":0},"end":{"line":102,"column":73}},"102":{"start":{"line":103,"column":0},"end":{"line":103,"column":3}},"105":{"start":{"line":106,"column":0},"end":{"line":106,"column":37}},"106":{"start":{"line":107,"column":0},"end":{"line":107,"column":63}},"107":{"start":{"line":108,"column":0},"end":{"line":108,"column":72}},"108":{"start":{"line":109,"column":0},"end":{"line":109,"column":70}},"109":{"start":{"line":110,"column":0},"end":{"line":110,"column":78}},"110":{"start":{"line":111,"column":0},"end":{"line":111,"column":74}},"111":{"start":{"line":112,"column":0},"end":{"line":112,"column":3}},"114":{"start":{"line":115,"column":0},"end":{"line":115,"column":37}},"115":{"start":{"line":116,"column":0},"end":{"line":116,"column":41}},"116":{"start":{"line":117,"column":0},"end":{"line":117,"column":73}},"117":{"start":{"line":118,"column":0},"end":{"line":118,"column":3}},"120":{"start":{"line":121,"column":0},"end":{"line":121,"column":40}},"121":{"start":{"line":122,"column":0},"end":{"line":122,"column":48}},"122":{"start":{"line":123,"column":0},"end":{"line":123,"column":63}},"123":{"start":{"line":124,"column":0},"end":{"line":124,"column":76}},"124":{"start":{"line":125,"column":0},"end":{"line":125,"column":85}},"125":{"start":{"line":126,"column":0},"end":{"line":126,"column":79}},"126":{"start":{"line":127,"column":0},"end":{"line":127,"column":3}},"129":{"start":{"line":130,"column":0},"end":{"line":130,"column":39}},"130":{"start":{"line":131,"column":0},"end":{"line":131,"column":41}},"131":{"start":{"line":132,"column":0},"end":{"line":132,"column":92}},"132":{"start":{"line":133,"column":0},"end":{"line":133,"column":3}},"135":{"start":{"line":136,"column":0},"end":{"line":136,"column":38}},"136":{"start":{"line":137,"column":0},"end":{"line":137,"column":41}},"137":{"start":{"line":138,"column":0},"end":{"line":138,"column":66}},"138":{"start":{"line":139,"column":0},"end":{"line":139,"column":3}},"141":{"start":{"line":142,"column":0},"end":{"line":142,"column":48}},"142":{"start":{"line":143,"column":0},"end":{"line":143,"column":41}},"143":{"start":{"line":144,"column":0},"end":{"line":144,"column":92}},"144":{"start":{"line":145,"column":0},"end":{"line":145,"column":90}},"145":{"start":{"line":146,"column":0},"end":{"line":146,"column":3}},"148":{"start":{"line":149,"column":0},"end":{"line":149,"column":43}},"149":{"start":{"line":150,"column":0},"end":{"line":150,"column":53}},"150":{"start":{"line":151,"column":0},"end":{"line":151,"column":54}},"151":{"start":{"line":152,"column":0},"end":{"line":152,"column":45}},"152":{"start":{"line":153,"column":0},"end":{"line":153,"column":71}},"153":{"start":{"line":154,"column":0},"end":{"line":154,"column":72}},"154":{"start":{"line":155,"column":0},"end":{"line":155,"column":3}},"157":{"start":{"line":158,"column":0},"end":{"line":158,"column":42}},"158":{"start":{"line":159,"column":0},"end":{"line":159,"column":52}},"159":{"start":{"line":160,"column":0},"end":{"line":160,"column":3}},"162":{"start":{"line":163,"column":0},"end":{"line":163,"column":43}},"163":{"start":{"line":164,"column":0},"end":{"line":164,"column":56}},"164":{"start":{"line":165,"column":0},"end":{"line":165,"column":73}},"165":{"start":{"line":166,"column":0},"end":{"line":166,"column":3}},"168":{"start":{"line":169,"column":0},"end":{"line":169,"column":43}},"169":{"start":{"line":170,"column":0},"end":{"line":170,"column":45}},"170":{"start":{"line":171,"column":0},"end":{"line":171,"column":41}},"171":{"start":{"line":172,"column":0},"end":{"line":172,"column":41}},"172":{"start":{"line":173,"column":0},"end":{"line":173,"column":70}},"173":{"start":{"line":174,"column":0},"end":{"line":174,"column":75}},"174":{"start":{"line":175,"column":0},"end":{"line":175,"column":78}},"175":{"start":{"line":176,"column":0},"end":{"line":176,"column":3}},"178":{"start":{"line":179,"column":0},"end":{"line":179,"column":37}},"179":{"start":{"line":180,"column":0},"end":{"line":180,"column":88}},"180":{"start":{"line":181,"column":0},"end":{"line":181,"column":58}},"181":{"start":{"line":182,"column":0},"end":{"line":182,"column":50}},"182":{"start":{"line":183,"column":0},"end":{"line":183,"column":3}},"185":{"start":{"line":186,"column":0},"end":{"line":186,"column":38}},"186":{"start":{"line":187,"column":0},"end":{"line":187,"column":47}},"187":{"start":{"line":188,"column":0},"end":{"line":188,"column":39}},"188":{"start":{"line":189,"column":0},"end":{"line":189,"column":38}},"189":{"start":{"line":190,"column":0},"end":{"line":190,"column":59}},"190":{"start":{"line":191,"column":0},"end":{"line":191,"column":53}},"191":{"start":{"line":192,"column":0},"end":{"line":192,"column":73}},"192":{"start":{"line":193,"column":0},"end":{"line":193,"column":3}},"195":{"start":{"line":196,"column":0},"end":{"line":196,"column":76}},"201":{"start":{"line":202,"column":0},"end":{"line":202,"column":4}},"202":{"start":{"line":203,"column":0},"end":{"line":203,"column":47}},"203":{"start":{"line":204,"column":0},"end":{"line":204,"column":1}},"206":{"start":{"line":207,"column":0},"end":{"line":207,"column":74}},"207":{"start":{"line":208,"column":0},"end":{"line":208,"column":55}},"209":{"start":{"line":210,"column":0},"end":{"line":210,"column":50}},"210":{"start":{"line":211,"column":0},"end":{"line":211,"column":48}},"211":{"start":{"line":212,"column":0},"end":{"line":212,"column":61}},"212":{"start":{"line":213,"column":0},"end":{"line":213,"column":56}},"213":{"start":{"line":214,"column":0},"end":{"line":214,"column":48}},"214":{"start":{"line":215,"column":0},"end":{"line":215,"column":64}},"215":{"start":{"line":216,"column":0},"end":{"line":216,"column":52}},"216":{"start":{"line":217,"column":0},"end":{"line":217,"column":61}},"217":{"start":{"line":218,"column":0},"end":{"line":218,"column":60}},"218":{"start":{"line":219,"column":0},"end":{"line":219,"column":86}},"219":{"start":{"line":220,"column":0},"end":{"line":220,"column":86}},"220":{"start":{"line":221,"column":0},"end":{"line":221,"column":55}},"221":{"start":{"line":222,"column":0},"end":{"line":222,"column":58}},"222":{"start":{"line":223,"column":0},"end":{"line":223,"column":59}},"223":{"start":{"line":224,"column":0},"end":{"line":224,"column":31}},"224":{"start":{"line":225,"column":0},"end":{"line":225,"column":65}},"225":{"start":{"line":226,"column":0},"end":{"line":226,"column":59}},"226":{"start":{"line":227,"column":0},"end":{"line":227,"column":43}},"227":{"start":{"line":228,"column":0},"end":{"line":228,"column":59}},"228":{"start":{"line":229,"column":0},"end":{"line":229,"column":3}},"230":{"start":{"line":231,"column":0},"end":{"line":231,"column":24}},"231":{"start":{"line":232,"column":0},"end":{"line":232,"column":50}},"232":{"start":{"line":233,"column":0},"end":{"line":233,"column":3}},"234":{"start":{"line":235,"column":0},"end":{"line":235,"column":42}},"235":{"start":{"line":236,"column":0},"end":{"line":236,"column":34}},"236":{"start":{"line":237,"column":0},"end":{"line":237,"column":36}},"237":{"start":{"line":238,"column":0},"end":{"line":238,"column":5}},"238":{"start":{"line":239,"column":0},"end":{"line":239,"column":3}},"240":{"start":{"line":241,"column":0},"end":{"line":241,"column":42}},"242":{"start":{"line":243,"column":0},"end":{"line":243,"column":24}},"243":{"start":{"line":244,"column":0},"end":{"line":244,"column":61}},"244":{"start":{"line":245,"column":0},"end":{"line":245,"column":3}},"246":{"start":{"line":247,"column":0},"end":{"line":247,"column":25}},"247":{"start":{"line":248,"column":0},"end":{"line":248,"column":46}},"248":{"start":{"line":249,"column":0},"end":{"line":249,"column":3}},"250":{"start":{"line":251,"column":0},"end":{"line":251,"column":25}},"251":{"start":{"line":252,"column":0},"end":{"line":252,"column":53}},"252":{"start":{"line":253,"column":0},"end":{"line":253,"column":3}},"254":{"start":{"line":255,"column":0},"end":{"line":255,"column":28}},"256":{"start":{"line":257,"column":0},"end":{"line":257,"column":54}},"257":{"start":{"line":258,"column":0},"end":{"line":258,"column":1}},"260":{"start":{"line":261,"column":0},"end":{"line":261,"column":74}},"261":{"start":{"line":262,"column":0},"end":{"line":262,"column":31}},"263":{"start":{"line":264,"column":0},"end":{"line":264,"column":40}},"265":{"start":{"line":266,"column":0},"end":{"line":266,"column":18}},"266":{"start":{"line":267,"column":0},"end":{"line":267,"column":34}},"267":{"start":{"line":268,"column":0},"end":{"line":268,"column":28}},"268":{"start":{"line":269,"column":0},"end":{"line":269,"column":37}},"269":{"start":{"line":270,"column":0},"end":{"line":270,"column":32}},"270":{"start":{"line":271,"column":0},"end":{"line":271,"column":49}},"271":{"start":{"line":272,"column":0},"end":{"line":272,"column":3}},"273":{"start":{"line":274,"column":0},"end":{"line":274,"column":28}},"275":{"start":{"line":276,"column":0},"end":{"line":276,"column":54}},"276":{"start":{"line":277,"column":0},"end":{"line":277,"column":1}},"279":{"start":{"line":280,"column":0},"end":{"line":280,"column":74}},"280":{"start":{"line":281,"column":0},"end":{"line":281,"column":31}},"282":{"start":{"line":283,"column":0},"end":{"line":283,"column":40}},"284":{"start":{"line":285,"column":0},"end":{"line":285,"column":45}},"286":{"start":{"line":287,"column":0},"end":{"line":287,"column":54}},"287":{"start":{"line":288,"column":0},"end":{"line":288,"column":1}},"290":{"start":{"line":291,"column":0},"end":{"line":291,"column":74}},"291":{"start":{"line":292,"column":0},"end":{"line":292,"column":43}},"292":{"start":{"line":293,"column":0},"end":{"line":293,"column":28}},"294":{"start":{"line":295,"column":0},"end":{"line":295,"column":54}},"295":{"start":{"line":296,"column":0},"end":{"line":296,"column":1}},"298":{"start":{"line":299,"column":0},"end":{"line":299,"column":74}},"299":{"start":{"line":300,"column":0},"end":{"line":300,"column":31}},"301":{"start":{"line":302,"column":0},"end":{"line":302,"column":36}},"302":{"start":{"line":303,"column":0},"end":{"line":303,"column":50}},"303":{"start":{"line":304,"column":0},"end":{"line":304,"column":3}},"305":{"start":{"line":306,"column":0},"end":{"line":306,"column":24}},"306":{"start":{"line":307,"column":0},"end":{"line":307,"column":61}},"307":{"start":{"line":308,"column":0},"end":{"line":308,"column":3}},"309":{"start":{"line":310,"column":0},"end":{"line":310,"column":20}},"310":{"start":{"line":311,"column":0},"end":{"line":311,"column":42}},"311":{"start":{"line":312,"column":0},"end":{"line":312,"column":3}},"313":{"start":{"line":314,"column":0},"end":{"line":314,"column":20}},"314":{"start":{"line":315,"column":0},"end":{"line":315,"column":42}},"315":{"start":{"line":316,"column":0},"end":{"line":316,"column":3}},"317":{"start":{"line":318,"column":0},"end":{"line":318,"column":28}},"319":{"start":{"line":320,"column":0},"end":{"line":320,"column":54}},"320":{"start":{"line":321,"column":0},"end":{"line":321,"column":1}},"323":{"start":{"line":324,"column":0},"end":{"line":324,"column":50}},"324":{"start":{"line":325,"column":0},"end":{"line":325,"column":25}},"325":{"start":{"line":326,"column":0},"end":{"line":326,"column":35}},"327":{"start":{"line":328,"column":0},"end":{"line":328,"column":55}},"328":{"start":{"line":329,"column":0},"end":{"line":329,"column":1}},"331":{"start":{"line":332,"column":0},"end":{"line":332,"column":45}},"332":{"start":{"line":333,"column":0},"end":{"line":333,"column":31}},"333":{"start":{"line":334,"column":0},"end":{"line":334,"column":51}},"335":{"start":{"line":336,"column":0},"end":{"line":336,"column":49}},"336":{"start":{"line":337,"column":0},"end":{"line":337,"column":1}},"339":{"start":{"line":340,"column":0},"end":{"line":340,"column":74}},"340":{"start":{"line":341,"column":0},"end":{"line":341,"column":31}},"342":{"start":{"line":343,"column":0},"end":{"line":343,"column":37}},"343":{"start":{"line":344,"column":0},"end":{"line":344,"column":60}},"344":{"start":{"line":345,"column":0},"end":{"line":345,"column":60}},"345":{"start":{"line":346,"column":0},"end":{"line":346,"column":59}},"347":{"start":{"line":348,"column":0},"end":{"line":348,"column":53}},"349":{"start":{"line":350,"column":0},"end":{"line":350,"column":54}},"350":{"start":{"line":351,"column":0},"end":{"line":351,"column":1}},"353":{"start":{"line":354,"column":0},"end":{"line":354,"column":74}},"354":{"start":{"line":355,"column":0},"end":{"line":355,"column":57}},"356":{"start":{"line":357,"column":0},"end":{"line":357,"column":54}},"357":{"start":{"line":358,"column":0},"end":{"line":358,"column":1}},"360":{"start":{"line":361,"column":0},"end":{"line":361,"column":74}},"361":{"start":{"line":362,"column":0},"end":{"line":362,"column":67}},"363":{"start":{"line":364,"column":0},"end":{"line":364,"column":54}},"364":{"start":{"line":365,"column":0},"end":{"line":365,"column":1}},"367":{"start":{"line":368,"column":0},"end":{"line":368,"column":50}},"368":{"start":{"line":369,"column":0},"end":{"line":369,"column":25}},"369":{"start":{"line":370,"column":0},"end":{"line":370,"column":35}},"371":{"start":{"line":372,"column":0},"end":{"line":372,"column":55}},"372":{"start":{"line":373,"column":0},"end":{"line":373,"column":1}},"375":{"start":{"line":376,"column":0},"end":{"line":376,"column":45}},"376":{"start":{"line":377,"column":0},"end":{"line":377,"column":31}},"377":{"start":{"line":378,"column":0},"end":{"line":378,"column":51}},"379":{"start":{"line":380,"column":0},"end":{"line":380,"column":49}},"380":{"start":{"line":381,"column":0},"end":{"line":381,"column":1}},"383":{"start":{"line":384,"column":0},"end":{"line":384,"column":74}},"384":{"start":{"line":385,"column":0},"end":{"line":385,"column":31}},"386":{"start":{"line":387,"column":0},"end":{"line":387,"column":37}},"387":{"start":{"line":388,"column":0},"end":{"line":388,"column":84}},"388":{"start":{"line":389,"column":0},"end":{"line":389,"column":81}},"389":{"start":{"line":390,"column":0},"end":{"line":390,"column":108}},"391":{"start":{"line":392,"column":0},"end":{"line":392,"column":28}},"393":{"start":{"line":394,"column":0},"end":{"line":394,"column":54}},"394":{"start":{"line":395,"column":0},"end":{"line":395,"column":1}},"397":{"start":{"line":398,"column":0},"end":{"line":398,"column":74}},"398":{"start":{"line":399,"column":0},"end":{"line":399,"column":67}},"400":{"start":{"line":401,"column":0},"end":{"line":401,"column":54}},"401":{"start":{"line":402,"column":0},"end":{"line":402,"column":1}},"404":{"start":{"line":405,"column":0},"end":{"line":405,"column":50}},"405":{"start":{"line":406,"column":0},"end":{"line":406,"column":25}},"406":{"start":{"line":407,"column":0},"end":{"line":407,"column":35}},"408":{"start":{"line":409,"column":0},"end":{"line":409,"column":55}},"409":{"start":{"line":410,"column":0},"end":{"line":410,"column":1}},"412":{"start":{"line":413,"column":0},"end":{"line":413,"column":45}},"413":{"start":{"line":414,"column":0},"end":{"line":414,"column":31}},"414":{"start":{"line":415,"column":0},"end":{"line":415,"column":51}},"416":{"start":{"line":417,"column":0},"end":{"line":417,"column":49}},"417":{"start":{"line":418,"column":0},"end":{"line":418,"column":1}},"420":{"start":{"line":421,"column":0},"end":{"line":421,"column":81}},"421":{"start":{"line":422,"column":0},"end":{"line":422,"column":46}},"422":{"start":{"line":423,"column":0},"end":{"line":423,"column":31}},"424":{"start":{"line":425,"column":0},"end":{"line":425,"column":35}},"425":{"start":{"line":426,"column":0},"end":{"line":426,"column":41}},"426":{"start":{"line":427,"column":0},"end":{"line":427,"column":88}},"427":{"start":{"line":428,"column":0},"end":{"line":428,"column":61}},"428":{"start":{"line":429,"column":0},"end":{"line":429,"column":10}},"429":{"start":{"line":430,"column":0},"end":{"line":430,"column":66}},"431":{"start":{"line":432,"column":0},"end":{"line":432,"column":78}},"432":{"start":{"line":433,"column":0},"end":{"line":433,"column":68}},"433":{"start":{"line":434,"column":0},"end":{"line":434,"column":47}},"435":{"start":{"line":436,"column":0},"end":{"line":436,"column":36}},"436":{"start":{"line":437,"column":0},"end":{"line":437,"column":68}},"437":{"start":{"line":438,"column":0},"end":{"line":438,"column":68}},"438":{"start":{"line":439,"column":0},"end":{"line":439,"column":55}},"439":{"start":{"line":440,"column":0},"end":{"line":440,"column":3}},"441":{"start":{"line":442,"column":0},"end":{"line":442,"column":55}},"442":{"start":{"line":443,"column":0},"end":{"line":443,"column":1}},"445":{"start":{"line":446,"column":0},"end":{"line":446,"column":78}},"446":{"start":{"line":447,"column":0},"end":{"line":447,"column":35}},"447":{"start":{"line":448,"column":0},"end":{"line":448,"column":40}},"448":{"start":{"line":449,"column":0},"end":{"line":449,"column":28}},"450":{"start":{"line":451,"column":0},"end":{"line":451,"column":55}},"451":{"start":{"line":452,"column":0},"end":{"line":452,"column":1}},"454":{"start":{"line":455,"column":0},"end":{"line":455,"column":76}},"455":{"start":{"line":456,"column":0},"end":{"line":456,"column":65}},"457":{"start":{"line":458,"column":0},"end":{"line":458,"column":54}},"458":{"start":{"line":459,"column":0},"end":{"line":459,"column":1}},"461":{"start":{"line":462,"column":0},"end":{"line":462,"column":96}},"462":{"start":{"line":463,"column":0},"end":{"line":463,"column":31}},"464":{"start":{"line":465,"column":0},"end":{"line":465,"column":84}},"465":{"start":{"line":466,"column":0},"end":{"line":466,"column":84}},"467":{"start":{"line":468,"column":0},"end":{"line":468,"column":28}},"469":{"start":{"line":470,"column":0},"end":{"line":470,"column":54}},"470":{"start":{"line":471,"column":0},"end":{"line":471,"column":1}},"473":{"start":{"line":474,"column":0},"end":{"line":474,"column":87}},"474":{"start":{"line":475,"column":0},"end":{"line":475,"column":50}},"476":{"start":{"line":477,"column":0},"end":{"line":477,"column":19}},"477":{"start":{"line":478,"column":0},"end":{"line":478,"column":34}},"478":{"start":{"line":479,"column":0},"end":{"line":479,"column":3}},"480":{"start":{"line":481,"column":0},"end":{"line":481,"column":36}},"481":{"start":{"line":482,"column":0},"end":{"line":482,"column":39}},"482":{"start":{"line":483,"column":0},"end":{"line":483,"column":3}},"484":{"start":{"line":485,"column":0},"end":{"line":485,"column":34}},"486":{"start":{"line":487,"column":0},"end":{"line":487,"column":54}},"487":{"start":{"line":488,"column":0},"end":{"line":488,"column":1}},"490":{"start":{"line":491,"column":0},"end":{"line":491,"column":84}},"491":{"start":{"line":492,"column":0},"end":{"line":492,"column":81}},"493":{"start":{"line":494,"column":0},"end":{"line":494,"column":20}},"494":{"start":{"line":495,"column":0},"end":{"line":495,"column":49}},"495":{"start":{"line":496,"column":0},"end":{"line":496,"column":3}},"497":{"start":{"line":498,"column":0},"end":{"line":498,"column":35}},"499":{"start":{"line":500,"column":0},"end":{"line":500,"column":49}},"500":{"start":{"line":501,"column":0},"end":{"line":501,"column":1}},"503":{"start":{"line":504,"column":0},"end":{"line":504,"column":86}},"504":{"start":{"line":505,"column":0},"end":{"line":505,"column":79}},"506":{"start":{"line":507,"column":0},"end":{"line":507,"column":54}},"507":{"start":{"line":508,"column":0},"end":{"line":508,"column":1}},"510":{"start":{"line":511,"column":0},"end":{"line":511,"column":87}},"511":{"start":{"line":512,"column":0},"end":{"line":512,"column":42}},"513":{"start":{"line":514,"column":0},"end":{"line":514,"column":57}},"514":{"start":{"line":515,"column":0},"end":{"line":515,"column":79}},"515":{"start":{"line":516,"column":0},"end":{"line":516,"column":46}},"517":{"start":{"line":518,"column":0},"end":{"line":518,"column":50}},"519":{"start":{"line":520,"column":0},"end":{"line":520,"column":54}},"520":{"start":{"line":521,"column":0},"end":{"line":521,"column":1}},"523":{"start":{"line":524,"column":0},"end":{"line":524,"column":75}},"524":{"start":{"line":525,"column":0},"end":{"line":525,"column":48}},"525":{"start":{"line":526,"column":0},"end":{"line":526,"column":35}},"527":{"start":{"line":528,"column":0},"end":{"line":528,"column":21}},"528":{"start":{"line":529,"column":0},"end":{"line":529,"column":41}},"529":{"start":{"line":530,"column":0},"end":{"line":530,"column":3}},"531":{"start":{"line":532,"column":0},"end":{"line":532,"column":55}},"532":{"start":{"line":533,"column":0},"end":{"line":533,"column":1}},"535":{"start":{"line":536,"column":0},"end":{"line":536,"column":77}},"536":{"start":{"line":537,"column":0},"end":{"line":537,"column":48}},"538":{"start":{"line":539,"column":0},"end":{"line":539,"column":20}},"539":{"start":{"line":540,"column":0},"end":{"line":540,"column":53}},"540":{"start":{"line":541,"column":0},"end":{"line":541,"column":45}},"541":{"start":{"line":542,"column":0},"end":{"line":542,"column":3}},"543":{"start":{"line":544,"column":0},"end":{"line":544,"column":18}},"544":{"start":{"line":545,"column":0},"end":{"line":545,"column":18}},"545":{"start":{"line":546,"column":0},"end":{"line":546,"column":84}},"546":{"start":{"line":547,"column":0},"end":{"line":547,"column":9}},"547":{"start":{"line":548,"column":0},"end":{"line":548,"column":26}},"548":{"start":{"line":549,"column":0},"end":{"line":549,"column":18}},"549":{"start":{"line":550,"column":0},"end":{"line":550,"column":22}},"550":{"start":{"line":551,"column":0},"end":{"line":551,"column":72}},"551":{"start":{"line":552,"column":0},"end":{"line":552,"column":4}},"553":{"start":{"line":554,"column":0},"end":{"line":554,"column":23}},"554":{"start":{"line":555,"column":0},"end":{"line":555,"column":1}},"557":{"start":{"line":558,"column":0},"end":{"line":558,"column":26}},"558":{"start":{"line":559,"column":0},"end":{"line":559,"column":3}},"559":{"start":{"line":560,"column":0},"end":{"line":560,"column":27}},"560":{"start":{"line":561,"column":0},"end":{"line":561,"column":21}},"561":{"start":{"line":562,"column":0},"end":{"line":562,"column":4}},"562":{"start":{"line":563,"column":0},"end":{"line":563,"column":3}},"563":{"start":{"line":564,"column":0},"end":{"line":564,"column":19}},"564":{"start":{"line":565,"column":0},"end":{"line":565,"column":16}},"565":{"start":{"line":566,"column":0},"end":{"line":566,"column":6}},"566":{"start":{"line":567,"column":0},"end":{"line":567,"column":3}},"567":{"start":{"line":568,"column":0},"end":{"line":568,"column":2}},"570":{"start":{"line":571,"column":0},"end":{"line":571,"column":62}},"571":{"start":{"line":572,"column":0},"end":{"line":572,"column":10}},"572":{"start":{"line":573,"column":0},"end":{"line":573,"column":12}},"573":{"start":{"line":574,"column":0},"end":{"line":574,"column":7}},"574":{"start":{"line":575,"column":0},"end":{"line":575,"column":29}},"575":{"start":{"line":576,"column":0},"end":{"line":576,"column":111}},"576":{"start":{"line":577,"column":0},"end":{"line":577,"column":40}},"577":{"start":{"line":578,"column":0},"end":{"line":578,"column":8}},"578":{"start":{"line":579,"column":0},"end":{"line":579,"column":7}},"579":{"start":{"line":580,"column":0},"end":{"line":580,"column":29}},"580":{"start":{"line":581,"column":0},"end":{"line":581,"column":79}},"581":{"start":{"line":582,"column":0},"end":{"line":582,"column":40}},"582":{"start":{"line":583,"column":0},"end":{"line":583,"column":8}},"583":{"start":{"line":584,"column":0},"end":{"line":584,"column":7}},"584":{"start":{"line":585,"column":0},"end":{"line":585,"column":29}},"585":{"start":{"line":586,"column":0},"end":{"line":586,"column":79}},"586":{"start":{"line":587,"column":0},"end":{"line":587,"column":40}},"587":{"start":{"line":588,"column":0},"end":{"line":588,"column":8}},"588":{"start":{"line":589,"column":0},"end":{"line":589,"column":7}},"589":{"start":{"line":590,"column":0},"end":{"line":590,"column":29}},"590":{"start":{"line":591,"column":0},"end":{"line":591,"column":47}},"591":{"start":{"line":592,"column":0},"end":{"line":592,"column":40}},"592":{"start":{"line":593,"column":0},"end":{"line":593,"column":8}},"593":{"start":{"line":594,"column":0},"end":{"line":594,"column":7}},"594":{"start":{"line":595,"column":0},"end":{"line":595,"column":29}},"595":{"start":{"line":596,"column":0},"end":{"line":596,"column":75}},"596":{"start":{"line":597,"column":0},"end":{"line":597,"column":40}},"597":{"start":{"line":598,"column":0},"end":{"line":598,"column":8}},"598":{"start":{"line":599,"column":0},"end":{"line":599,"column":7}},"599":{"start":{"line":600,"column":0},"end":{"line":600,"column":30}},"600":{"start":{"line":601,"column":0},"end":{"line":601,"column":55}},"601":{"start":{"line":602,"column":0},"end":{"line":602,"column":31}},"602":{"start":{"line":603,"column":0},"end":{"line":603,"column":69}},"603":{"start":{"line":604,"column":0},"end":{"line":604,"column":11}},"604":{"start":{"line":605,"column":0},"end":{"line":605,"column":8}},"605":{"start":{"line":606,"column":0},"end":{"line":606,"column":7}},"606":{"start":{"line":607,"column":0},"end":{"line":607,"column":24}},"607":{"start":{"line":608,"column":0},"end":{"line":608,"column":48}},"608":{"start":{"line":609,"column":0},"end":{"line":609,"column":31}},"609":{"start":{"line":610,"column":0},"end":{"line":610,"column":72}},"610":{"start":{"line":611,"column":0},"end":{"line":611,"column":11}},"611":{"start":{"line":612,"column":0},"end":{"line":612,"column":8}},"612":{"start":{"line":613,"column":0},"end":{"line":613,"column":7}},"613":{"start":{"line":614,"column":0},"end":{"line":614,"column":29}},"614":{"start":{"line":615,"column":0},"end":{"line":615,"column":45}},"615":{"start":{"line":616,"column":0},"end":{"line":616,"column":40}},"616":{"start":{"line":617,"column":0},"end":{"line":617,"column":8}},"617":{"start":{"line":618,"column":0},"end":{"line":618,"column":7}},"618":{"start":{"line":619,"column":0},"end":{"line":619,"column":29}},"619":{"start":{"line":620,"column":0},"end":{"line":620,"column":47}},"620":{"start":{"line":621,"column":0},"end":{"line":621,"column":40}},"621":{"start":{"line":622,"column":0},"end":{"line":622,"column":8}},"622":{"start":{"line":623,"column":0},"end":{"line":623,"column":7}},"623":{"start":{"line":624,"column":0},"end":{"line":624,"column":29}},"624":{"start":{"line":625,"column":0},"end":{"line":625,"column":45}},"625":{"start":{"line":626,"column":0},"end":{"line":626,"column":40}},"626":{"start":{"line":627,"column":0},"end":{"line":627,"column":8}},"627":{"start":{"line":628,"column":0},"end":{"line":628,"column":7}},"628":{"start":{"line":629,"column":0},"end":{"line":629,"column":30}},"629":{"start":{"line":630,"column":0},"end":{"line":630,"column":55}},"630":{"start":{"line":631,"column":0},"end":{"line":631,"column":31}},"631":{"start":{"line":632,"column":0},"end":{"line":632,"column":69}},"632":{"start":{"line":633,"column":0},"end":{"line":633,"column":11}},"633":{"start":{"line":634,"column":0},"end":{"line":634,"column":8}},"634":{"start":{"line":635,"column":0},"end":{"line":635,"column":7}},"635":{"start":{"line":636,"column":0},"end":{"line":636,"column":24}},"636":{"start":{"line":637,"column":0},"end":{"line":637,"column":46}},"637":{"start":{"line":638,"column":0},"end":{"line":638,"column":31}},"638":{"start":{"line":639,"column":0},"end":{"line":639,"column":72}},"639":{"start":{"line":640,"column":0},"end":{"line":640,"column":11}},"640":{"start":{"line":641,"column":0},"end":{"line":641,"column":8}},"641":{"start":{"line":642,"column":0},"end":{"line":642,"column":7}},"642":{"start":{"line":643,"column":0},"end":{"line":643,"column":29}},"643":{"start":{"line":644,"column":0},"end":{"line":644,"column":48}},"644":{"start":{"line":645,"column":0},"end":{"line":645,"column":40}},"645":{"start":{"line":646,"column":0},"end":{"line":646,"column":8}},"646":{"start":{"line":647,"column":0},"end":{"line":647,"column":7}},"647":{"start":{"line":648,"column":0},"end":{"line":648,"column":29}},"648":{"start":{"line":649,"column":0},"end":{"line":649,"column":48}},"649":{"start":{"line":650,"column":0},"end":{"line":650,"column":40}},"650":{"start":{"line":651,"column":0},"end":{"line":651,"column":8}},"651":{"start":{"line":652,"column":0},"end":{"line":652,"column":7}},"652":{"start":{"line":653,"column":0},"end":{"line":653,"column":30}},"653":{"start":{"line":654,"column":0},"end":{"line":654,"column":55}},"654":{"start":{"line":655,"column":0},"end":{"line":655,"column":31}},"655":{"start":{"line":656,"column":0},"end":{"line":656,"column":69}},"656":{"start":{"line":657,"column":0},"end":{"line":657,"column":11}},"657":{"start":{"line":658,"column":0},"end":{"line":658,"column":8}},"658":{"start":{"line":659,"column":0},"end":{"line":659,"column":7}},"659":{"start":{"line":660,"column":0},"end":{"line":660,"column":24}},"660":{"start":{"line":661,"column":0},"end":{"line":661,"column":49}},"661":{"start":{"line":662,"column":0},"end":{"line":662,"column":31}},"662":{"start":{"line":663,"column":0},"end":{"line":663,"column":72}},"663":{"start":{"line":664,"column":0},"end":{"line":664,"column":11}},"664":{"start":{"line":665,"column":0},"end":{"line":665,"column":8}},"665":{"start":{"line":666,"column":0},"end":{"line":666,"column":7}},"666":{"start":{"line":667,"column":0},"end":{"line":667,"column":33}},"667":{"start":{"line":668,"column":0},"end":{"line":668,"column":71}},"668":{"start":{"line":669,"column":0},"end":{"line":669,"column":43}},"669":{"start":{"line":670,"column":0},"end":{"line":670,"column":8}},"670":{"start":{"line":671,"column":0},"end":{"line":671,"column":7}},"671":{"start":{"line":672,"column":0},"end":{"line":672,"column":31}},"672":{"start":{"line":673,"column":0},"end":{"line":673,"column":74}},"673":{"start":{"line":674,"column":0},"end":{"line":674,"column":42}},"674":{"start":{"line":675,"column":0},"end":{"line":675,"column":8}},"675":{"start":{"line":676,"column":0},"end":{"line":676,"column":7}},"676":{"start":{"line":677,"column":0},"end":{"line":677,"column":30}},"677":{"start":{"line":678,"column":0},"end":{"line":678,"column":58}},"678":{"start":{"line":679,"column":0},"end":{"line":679,"column":41}},"679":{"start":{"line":680,"column":0},"end":{"line":680,"column":8}},"680":{"start":{"line":681,"column":0},"end":{"line":681,"column":7}},"681":{"start":{"line":682,"column":0},"end":{"line":682,"column":40}},"682":{"start":{"line":683,"column":0},"end":{"line":683,"column":60}},"683":{"start":{"line":684,"column":0},"end":{"line":684,"column":51}},"684":{"start":{"line":685,"column":0},"end":{"line":685,"column":8}},"685":{"start":{"line":686,"column":0},"end":{"line":686,"column":7}},"686":{"start":{"line":687,"column":0},"end":{"line":687,"column":36}},"687":{"start":{"line":688,"column":0},"end":{"line":688,"column":56}},"688":{"start":{"line":689,"column":0},"end":{"line":689,"column":46}},"689":{"start":{"line":690,"column":0},"end":{"line":690,"column":8}},"690":{"start":{"line":691,"column":0},"end":{"line":691,"column":7}},"691":{"start":{"line":692,"column":0},"end":{"line":692,"column":34}},"692":{"start":{"line":693,"column":0},"end":{"line":693,"column":55}},"693":{"start":{"line":694,"column":0},"end":{"line":694,"column":45}},"694":{"start":{"line":695,"column":0},"end":{"line":695,"column":8}},"695":{"start":{"line":696,"column":0},"end":{"line":696,"column":7}},"696":{"start":{"line":697,"column":0},"end":{"line":697,"column":35}},"697":{"start":{"line":698,"column":0},"end":{"line":698,"column":56}},"698":{"start":{"line":699,"column":0},"end":{"line":699,"column":46}},"699":{"start":{"line":700,"column":0},"end":{"line":700,"column":8}},"700":{"start":{"line":701,"column":0},"end":{"line":701,"column":7}},"701":{"start":{"line":702,"column":0},"end":{"line":702,"column":36}},"702":{"start":{"line":703,"column":0},"end":{"line":703,"column":77}},"703":{"start":{"line":704,"column":0},"end":{"line":704,"column":46}},"704":{"start":{"line":705,"column":0},"end":{"line":705,"column":8}},"705":{"start":{"line":706,"column":0},"end":{"line":706,"column":7}},"706":{"start":{"line":707,"column":0},"end":{"line":707,"column":30}},"707":{"start":{"line":708,"column":0},"end":{"line":708,"column":75}},"708":{"start":{"line":709,"column":0},"end":{"line":709,"column":40}},"709":{"start":{"line":710,"column":0},"end":{"line":710,"column":8}},"710":{"start":{"line":711,"column":0},"end":{"line":711,"column":7}},"711":{"start":{"line":712,"column":0},"end":{"line":712,"column":31}},"712":{"start":{"line":713,"column":0},"end":{"line":713,"column":61}},"713":{"start":{"line":714,"column":0},"end":{"line":714,"column":41}},"714":{"start":{"line":715,"column":0},"end":{"line":715,"column":8}},"715":{"start":{"line":716,"column":0},"end":{"line":716,"column":6}},"716":{"start":{"line":717,"column":0},"end":{"line":717,"column":4}},"717":{"start":{"line":718,"column":0},"end":{"line":718,"column":3}},"720":{"start":{"line":721,"column":0},"end":{"line":721,"column":68}},"721":{"start":{"line":722,"column":0},"end":{"line":722,"column":51}},"723":{"start":{"line":724,"column":0},"end":{"line":724,"column":7}},"724":{"start":{"line":725,"column":0},"end":{"line":725,"column":20}},"726":{"start":{"line":727,"column":0},"end":{"line":727,"column":19}},"727":{"start":{"line":728,"column":0},"end":{"line":728,"column":26}},"728":{"start":{"line":729,"column":0},"end":{"line":729,"column":64}},"729":{"start":{"line":730,"column":0},"end":{"line":730,"column":14}},"730":{"start":{"line":731,"column":0},"end":{"line":731,"column":26}},"731":{"start":{"line":732,"column":0},"end":{"line":732,"column":64}},"732":{"start":{"line":733,"column":0},"end":{"line":733,"column":14}},"733":{"start":{"line":734,"column":0},"end":{"line":734,"column":26}},"734":{"start":{"line":735,"column":0},"end":{"line":735,"column":64}},"735":{"start":{"line":736,"column":0},"end":{"line":736,"column":14}},"736":{"start":{"line":737,"column":0},"end":{"line":737,"column":26}},"737":{"start":{"line":738,"column":0},"end":{"line":738,"column":64}},"738":{"start":{"line":739,"column":0},"end":{"line":739,"column":14}},"739":{"start":{"line":740,"column":0},"end":{"line":740,"column":26}},"740":{"start":{"line":741,"column":0},"end":{"line":741,"column":64}},"741":{"start":{"line":742,"column":0},"end":{"line":742,"column":14}},"742":{"start":{"line":743,"column":0},"end":{"line":743,"column":27}},"743":{"start":{"line":744,"column":0},"end":{"line":744,"column":58}},"744":{"start":{"line":745,"column":0},"end":{"line":745,"column":55}},"745":{"start":{"line":746,"column":0},"end":{"line":746,"column":14}},"746":{"start":{"line":747,"column":0},"end":{"line":747,"column":21}},"747":{"start":{"line":748,"column":0},"end":{"line":748,"column":53}},"748":{"start":{"line":749,"column":0},"end":{"line":749,"column":44}},"749":{"start":{"line":750,"column":0},"end":{"line":750,"column":14}},"750":{"start":{"line":751,"column":0},"end":{"line":751,"column":26}},"751":{"start":{"line":752,"column":0},"end":{"line":752,"column":64}},"752":{"start":{"line":753,"column":0},"end":{"line":753,"column":14}},"753":{"start":{"line":754,"column":0},"end":{"line":754,"column":26}},"754":{"start":{"line":755,"column":0},"end":{"line":755,"column":64}},"755":{"start":{"line":756,"column":0},"end":{"line":756,"column":14}},"756":{"start":{"line":757,"column":0},"end":{"line":757,"column":26}},"757":{"start":{"line":758,"column":0},"end":{"line":758,"column":64}},"758":{"start":{"line":759,"column":0},"end":{"line":759,"column":14}},"759":{"start":{"line":760,"column":0},"end":{"line":760,"column":27}},"760":{"start":{"line":761,"column":0},"end":{"line":761,"column":58}},"761":{"start":{"line":762,"column":0},"end":{"line":762,"column":55}},"762":{"start":{"line":763,"column":0},"end":{"line":763,"column":14}},"763":{"start":{"line":764,"column":0},"end":{"line":764,"column":21}},"764":{"start":{"line":765,"column":0},"end":{"line":765,"column":53}},"765":{"start":{"line":766,"column":0},"end":{"line":766,"column":44}},"766":{"start":{"line":767,"column":0},"end":{"line":767,"column":14}},"767":{"start":{"line":768,"column":0},"end":{"line":768,"column":26}},"768":{"start":{"line":769,"column":0},"end":{"line":769,"column":64}},"769":{"start":{"line":770,"column":0},"end":{"line":770,"column":14}},"770":{"start":{"line":771,"column":0},"end":{"line":771,"column":26}},"771":{"start":{"line":772,"column":0},"end":{"line":772,"column":64}},"772":{"start":{"line":773,"column":0},"end":{"line":773,"column":14}},"773":{"start":{"line":774,"column":0},"end":{"line":774,"column":27}},"774":{"start":{"line":775,"column":0},"end":{"line":775,"column":58}},"775":{"start":{"line":776,"column":0},"end":{"line":776,"column":55}},"776":{"start":{"line":777,"column":0},"end":{"line":777,"column":14}},"777":{"start":{"line":778,"column":0},"end":{"line":778,"column":21}},"778":{"start":{"line":779,"column":0},"end":{"line":779,"column":53}},"779":{"start":{"line":780,"column":0},"end":{"line":780,"column":44}},"780":{"start":{"line":781,"column":0},"end":{"line":781,"column":14}},"781":{"start":{"line":782,"column":0},"end":{"line":782,"column":30}},"782":{"start":{"line":783,"column":0},"end":{"line":783,"column":71}},"783":{"start":{"line":784,"column":0},"end":{"line":784,"column":14}},"784":{"start":{"line":785,"column":0},"end":{"line":785,"column":28}},"785":{"start":{"line":786,"column":0},"end":{"line":786,"column":68}},"786":{"start":{"line":787,"column":0},"end":{"line":787,"column":14}},"787":{"start":{"line":788,"column":0},"end":{"line":788,"column":27}},"788":{"start":{"line":789,"column":0},"end":{"line":789,"column":66}},"789":{"start":{"line":790,"column":0},"end":{"line":790,"column":14}},"790":{"start":{"line":791,"column":0},"end":{"line":791,"column":37}},"791":{"start":{"line":792,"column":0},"end":{"line":792,"column":86}},"792":{"start":{"line":793,"column":0},"end":{"line":793,"column":14}},"793":{"start":{"line":794,"column":0},"end":{"line":794,"column":33}},"794":{"start":{"line":795,"column":0},"end":{"line":795,"column":77}},"795":{"start":{"line":796,"column":0},"end":{"line":796,"column":14}},"796":{"start":{"line":797,"column":0},"end":{"line":797,"column":31}},"797":{"start":{"line":798,"column":0},"end":{"line":798,"column":74}},"798":{"start":{"line":799,"column":0},"end":{"line":799,"column":14}},"799":{"start":{"line":800,"column":0},"end":{"line":800,"column":32}},"800":{"start":{"line":801,"column":0},"end":{"line":801,"column":76}},"801":{"start":{"line":802,"column":0},"end":{"line":802,"column":14}},"802":{"start":{"line":803,"column":0},"end":{"line":803,"column":33}},"803":{"start":{"line":804,"column":0},"end":{"line":804,"column":77}},"804":{"start":{"line":805,"column":0},"end":{"line":805,"column":14}},"805":{"start":{"line":806,"column":0},"end":{"line":806,"column":27}},"806":{"start":{"line":807,"column":0},"end":{"line":807,"column":65}},"807":{"start":{"line":808,"column":0},"end":{"line":808,"column":14}},"808":{"start":{"line":809,"column":0},"end":{"line":809,"column":28}},"809":{"start":{"line":810,"column":0},"end":{"line":810,"column":67}},"810":{"start":{"line":811,"column":0},"end":{"line":811,"column":14}},"811":{"start":{"line":812,"column":0},"end":{"line":812,"column":14}},"812":{"start":{"line":813,"column":0},"end":{"line":813,"column":49}},"813":{"start":{"line":814,"column":0},"end":{"line":814,"column":5}},"815":{"start":{"line":816,"column":0},"end":{"line":816,"column":12}},"816":{"start":{"line":817,"column":0},"end":{"line":817,"column":16}},"817":{"start":{"line":818,"column":0},"end":{"line":818,"column":9}},"818":{"start":{"line":819,"column":0},"end":{"line":819,"column":23}},"819":{"start":{"line":820,"column":0},"end":{"line":820,"column":48}},"820":{"start":{"line":821,"column":0},"end":{"line":821,"column":10}},"821":{"start":{"line":822,"column":0},"end":{"line":822,"column":8}},"822":{"start":{"line":823,"column":0},"end":{"line":823,"column":6}},"823":{"start":{"line":824,"column":0},"end":{"line":824,"column":19}},"824":{"start":{"line":825,"column":0},"end":{"line":825,"column":12}},"825":{"start":{"line":826,"column":0},"end":{"line":826,"column":16}},"826":{"start":{"line":827,"column":0},"end":{"line":827,"column":9}},"827":{"start":{"line":828,"column":0},"end":{"line":828,"column":23}},"828":{"start":{"line":829,"column":0},"end":{"line":829,"column":32}},"829":{"start":{"line":830,"column":0},"end":{"line":830,"column":27}},"830":{"start":{"line":831,"column":0},"end":{"line":831,"column":74}},"831":{"start":{"line":832,"column":0},"end":{"line":832,"column":22}},"832":{"start":{"line":833,"column":0},"end":{"line":833,"column":10}},"833":{"start":{"line":834,"column":0},"end":{"line":834,"column":8}},"834":{"start":{"line":835,"column":0},"end":{"line":835,"column":20}},"835":{"start":{"line":836,"column":0},"end":{"line":836,"column":6}},"836":{"start":{"line":837,"column":0},"end":{"line":837,"column":3}},"837":{"start":{"line":838,"column":0},"end":{"line":838,"column":3}},"840":{"start":{"line":841,"column":0},"end":{"line":841,"column":23}},"841":{"start":{"line":842,"column":0},"end":{"line":842,"column":47}},"842":{"start":{"line":843,"column":0},"end":{"line":843,"column":34}},"843":{"start":{"line":844,"column":0},"end":{"line":844,"column":42}},"844":{"start":{"line":845,"column":0},"end":{"line":845,"column":1}},"846":{"start":{"line":847,"column":0},"end":{"line":847,"column":25}},"847":{"start":{"line":848,"column":0},"end":{"line":848,"column":40}},"848":{"start":{"line":849,"column":0},"end":{"line":849,"column":18}},"849":{"start":{"line":850,"column":0},"end":{"line":850,"column":3}}},"s":{"0":1,"9":1,"11":1,"12":39,"13":39,"15":1,"16":0,"17":0,"20":1,"21":1,"22":1,"23":1,"24":1,"27":1,"28":1,"29":1,"30":1,"31":1,"32":1,"33":1,"34":1,"35":1,"36":1,"37":1,"38":1,"39":1,"40":1,"41":1,"42":1,"43":1,"44":1,"45":1,"46":1,"47":1,"48":1,"49":1,"52":1,"53":1,"54":1,"55":1,"56":1,"57":1,"58":1,"61":1,"62":1,"63":1,"64":1,"65":1,"68":1,"69":1,"70":1,"71":1,"74":1,"75":1,"76":1,"77":1,"78":1,"79":1,"80":1,"83":1,"84":1,"85":1,"86":1,"87":1,"88":1,"89":1,"90":1,"93":1,"94":1,"95":1,"96":1,"99":1,"100":1,"101":1,"102":1,"105":1,"106":1,"107":1,"108":1,"109":1,"110":1,"111":1,"114":1,"115":1,"116":1,"117":1,"120":1,"121":1,"122":1,"123":1,"124":1,"125":1,"126":1,"129":1,"130":1,"131":1,"132":1,"135":1,"136":1,"137":1,"138":1,"141":1,"142":1,"143":1,"144":1,"145":1,"148":1,"149":1,"150":1,"151":1,"152":1,"153":1,"154":1,"157":1,"158":1,"159":1,"162":1,"163":1,"164":1,"165":1,"168":1,"169":1,"170":1,"171":1,"172":1,"173":1,"174":1,"175":1,"178":1,"179":1,"180":1,"181":1,"182":1,"185":1,"186":1,"187":1,"188":1,"189":1,"190":1,"191":1,"192":1,"195":40,"201":40,"202":40,"203":40,"206":5,"207":5,"209":5,"210":1,"211":1,"212":5,"213":1,"214":4,"215":1,"216":1,"217":1,"218":1,"219":1,"220":3,"221":0,"222":0,"223":2,"224":0,"225":0,"226":2,"227":0,"228":0,"230":5,"231":0,"232":0,"234":5,"235":0,"236":0,"237":0,"238":0,"240":5,"242":5,"243":0,"244":0,"246":5,"247":0,"248":0,"250":5,"251":0,"252":0,"254":5,"256":5,"257":5,"260":3,"261":3,"263":3,"265":3,"266":2,"267":3,"268":1,"269":1,"270":0,"271":0,"273":3,"275":3,"276":3,"279":1,"280":1,"282":1,"284":1,"286":1,"287":1,"290":2,"291":2,"292":2,"294":2,"295":2,"298":1,"299":1,"301":1,"302":1,"303":1,"305":1,"306":0,"307":0,"309":1,"310":0,"311":0,"313":1,"314":0,"315":0,"317":1,"319":1,"320":1,"323":1,"324":1,"325":1,"327":1,"328":1,"331":1,"332":1,"333":1,"335":1,"336":1,"339":2,"340":2,"342":2,"343":2,"344":2,"345":2,"347":2,"349":2,"350":2,"353":1,"354":1,"356":1,"357":1,"360":1,"361":1,"363":1,"364":1,"367":1,"368":1,"369":1,"371":1,"372":1,"375":1,"376":1,"377":1,"379":1,"380":1,"383":2,"384":2,"386":2,"387":2,"388":2,"389":2,"391":2,"393":2,"394":2,"397":1,"398":1,"400":1,"401":1,"404":1,"405":1,"406":1,"408":1,"409":1,"412":1,"413":1,"414":1,"416":1,"417":1,"420":1,"421":1,"422":1,"424":1,"425":0,"426":0,"427":0,"428":1,"429":1,"431":1,"432":1,"433":1,"435":1,"436":1,"437":1,"438":1,"439":1,"441":1,"442":1,"445":2,"446":2,"447":2,"448":2,"450":2,"451":2,"454":2,"455":2,"457":2,"458":2,"461":1,"462":1,"464":1,"465":1,"467":1,"469":1,"470":1,"473":1,"474":1,"476":1,"477":1,"478":1,"480":1,"481":0,"482":0,"484":1,"486":1,"487":1,"490":2,"491":2,"493":2,"494":1,"495":1,"497":2,"499":2,"500":2,"503":1,"504":1,"506":1,"507":1,"510":2,"511":2,"513":2,"514":2,"515":2,"517":2,"519":2,"520":2,"523":1,"524":1,"525":1,"527":1,"528":0,"529":0,"531":1,"532":1,"535":1,"536":1,"538":1,"539":1,"540":1,"541":1,"543":1,"544":1,"545":1,"546":1,"547":1,"548":1,"549":1,"550":1,"551":1,"553":1,"554":1,"557":1,"558":1,"559":1,"560":1,"561":1,"562":1,"563":1,"564":1,"565":1,"566":1,"567":1,"570":1,"571":0,"572":0,"573":0,"574":0,"575":0,"576":0,"577":0,"578":0,"579":0,"580":0,"581":0,"582":0,"583":0,"584":0,"585":0,"586":0,"587":0,"588":0,"589":0,"590":0,"591":0,"592":0,"593":0,"594":0,"595":0,"596":0,"597":0,"598":0,"599":0,"600":0,"601":0,"602":0,"603":0,"604":0,"605":0,"606":0,"607":0,"608":0,"609":0,"610":0,"611":0,"612":0,"613":0,"614":0,"615":0,"616":0,"617":0,"618":0,"619":0,"620":0,"621":0,"622":0,"623":0,"624":0,"625":0,"626":0,"627":0,"628":0,"629":0,"630":0,"631":0,"632":0,"633":0,"634":0,"635":0,"636":0,"637":0,"638":0,"639":0,"640":0,"641":0,"642":0,"643":0,"644":0,"645":0,"646":0,"647":0,"648":0,"649":0,"650":0,"651":0,"652":0,"653":0,"654":0,"655":0,"656":0,"657":0,"658":0,"659":0,"660":0,"661":0,"662":0,"663":0,"664":0,"665":0,"666":0,"667":0,"668":0,"669":0,"670":0,"671":0,"672":0,"673":0,"674":0,"675":0,"676":0,"677":0,"678":0,"679":0,"680":0,"681":0,"682":0,"683":0,"684":0,"685":0,"686":0,"687":0,"688":0,"689":0,"690":0,"691":0,"692":0,"693":0,"694":0,"695":0,"696":0,"697":0,"698":0,"699":0,"700":0,"701":0,"702":0,"703":0,"704":0,"705":0,"706":0,"707":0,"708":0,"709":0,"710":0,"711":0,"712":0,"713":0,"714":0,"715":0,"716":0,"717":0,"720":1,"721":0,"723":0,"724":0,"726":0,"727":0,"728":0,"729":0,"730":0,"731":0,"732":0,"733":0,"734":0,"735":0,"736":0,"737":0,"738":0,"739":0,"740":0,"741":0,"742":0,"743":0,"744":0,"745":0,"746":0,"747":0,"748":0,"749":0,"750":0,"751":0,"752":0,"753":0,"754":0,"755":0,"756":0,"757":0,"758":0,"759":0,"760":0,"761":0,"762":0,"763":0,"764":0,"765":0,"766":0,"767":0,"768":0,"769":0,"770":0,"771":0,"772":0,"773":0,"774":0,"775":0,"776":0,"777":0,"778":0,"779":0,"780":0,"781":0,"782":0,"783":0,"784":0,"785":0,"786":0,"787":0,"788":0,"789":0,"790":0,"791":0,"792":0,"793":0,"794":0,"795":0,"796":0,"797":0,"798":0,"799":0,"800":0,"801":0,"802":0,"803":0,"804":0,"805":0,"806":0,"807":0,"808":0,"809":0,"810":0,"811":0,"812":0,"813":0,"815":0,"816":0,"817":0,"818":0,"819":0,"820":0,"821":0,"822":0,"823":0,"824":0,"825":0,"826":0,"827":0,"828":0,"829":0,"830":0,"831":0,"832":0,"833":0,"834":0,"835":0,"836":0,"837":0,"840":1,"841":1,"842":1,"843":1,"844":1,"846":1,"847":0,"848":0,"849":0},"branchMap":{"0":{"type":"branch","line":12,"loc":{"start":{"line":12,"column":7},"end":{"line":14,"column":1}},"locations":[{"start":{"line":12,"column":7},"end":{"line":14,"column":1}}]},"1":{"type":"branch","line":196,"loc":{"start":{"line":196,"column":0},"end":{"line":204,"column":1}},"locations":[{"start":{"line":196,"column":0},"end":{"line":204,"column":1}}]},"2":{"type":"branch","line":207,"loc":{"start":{"line":207,"column":0},"end":{"line":258,"column":1}},"locations":[{"start":{"line":207,"column":0},"end":{"line":258,"column":1}}]},"3":{"type":"branch","line":210,"loc":{"start":{"line":210,"column":22},"end":{"line":210,"column":49}},"locations":[{"start":{"line":210,"column":22},"end":{"line":210,"column":49}}]},"4":{"type":"branch","line":210,"loc":{"start":{"line":210,"column":49},"end":{"line":213,"column":13}},"locations":[{"start":{"line":210,"column":49},"end":{"line":213,"column":13}}]},"5":{"type":"branch","line":213,"loc":{"start":{"line":213,"column":2},"end":{"line":229,"column":3}},"locations":[{"start":{"line":213,"column":2},"end":{"line":229,"column":3}}]},"6":{"type":"branch","line":213,"loc":{"start":{"line":213,"column":29},"end":{"line":213,"column":55}},"locations":[{"start":{"line":213,"column":29},"end":{"line":213,"column":55}}]},"7":{"type":"branch","line":213,"loc":{"start":{"line":213,"column":55},"end":{"line":215,"column":13}},"locations":[{"start":{"line":213,"column":55},"end":{"line":215,"column":13}}]},"8":{"type":"branch","line":215,"loc":{"start":{"line":215,"column":2},"end":{"line":229,"column":3}},"locations":[{"start":{"line":215,"column":2},"end":{"line":229,"column":3}}]},"9":{"type":"branch","line":215,"loc":{"start":{"line":215,"column":42},"end":{"line":215,"column":63}},"locations":[{"start":{"line":215,"column":42},"end":{"line":215,"column":63}}]},"10":{"type":"branch","line":215,"loc":{"start":{"line":215,"column":63},"end":{"line":221,"column":13}},"locations":[{"start":{"line":215,"column":63},"end":{"line":221,"column":13}}]},"11":{"type":"branch","line":217,"loc":{"start":{"line":217,"column":25},"end":{"line":217,"column":61}},"locations":[{"start":{"line":217,"column":25},"end":{"line":217,"column":61}}]},"12":{"type":"branch","line":218,"loc":{"start":{"line":218,"column":28},"end":{"line":218,"column":60}},"locations":[{"start":{"line":218,"column":28},"end":{"line":218,"column":60}}]},"13":{"type":"branch","line":219,"loc":{"start":{"line":219,"column":30},"end":{"line":219,"column":86}},"locations":[{"start":{"line":219,"column":30},"end":{"line":219,"column":86}}]},"14":{"type":"branch","line":220,"loc":{"start":{"line":220,"column":30},"end":{"line":220,"column":86}},"locations":[{"start":{"line":220,"column":30},"end":{"line":220,"column":86}}]},"15":{"type":"branch","line":221,"loc":{"start":{"line":221,"column":2},"end":{"line":229,"column":3}},"locations":[{"start":{"line":221,"column":2},"end":{"line":229,"column":3}}]},"16":{"type":"branch","line":221,"loc":{"start":{"line":221,"column":29},"end":{"line":221,"column":54}},"locations":[{"start":{"line":221,"column":29},"end":{"line":221,"column":54}}]},"17":{"type":"branch","line":221,"loc":{"start":{"line":221,"column":54},"end":{"line":224,"column":13}},"locations":[{"start":{"line":221,"column":54},"end":{"line":224,"column":13}}]},"18":{"type":"branch","line":224,"loc":{"start":{"line":224,"column":30},"end":{"line":227,"column":13}},"locations":[{"start":{"line":224,"column":30},"end":{"line":227,"column":13}}]},"19":{"type":"branch","line":227,"loc":{"start":{"line":227,"column":42},"end":{"line":229,"column":3}},"locations":[{"start":{"line":227,"column":42},"end":{"line":229,"column":3}}]},"20":{"type":"branch","line":231,"loc":{"start":{"line":231,"column":23},"end":{"line":233,"column":3}},"locations":[{"start":{"line":231,"column":23},"end":{"line":233,"column":3}}]},"21":{"type":"branch","line":235,"loc":{"start":{"line":235,"column":11},"end":{"line":235,"column":41}},"locations":[{"start":{"line":235,"column":11},"end":{"line":235,"column":41}}]},"22":{"type":"branch","line":235,"loc":{"start":{"line":235,"column":41},"end":{"line":239,"column":3}},"locations":[{"start":{"line":235,"column":41},"end":{"line":239,"column":3}}]},"23":{"type":"branch","line":241,"loc":{"start":{"line":241,"column":23},"end":{"line":241,"column":42}},"locations":[{"start":{"line":241,"column":23},"end":{"line":241,"column":42}}]},"24":{"type":"branch","line":243,"loc":{"start":{"line":243,"column":23},"end":{"line":245,"column":3}},"locations":[{"start":{"line":243,"column":23},"end":{"line":245,"column":3}}]},"25":{"type":"branch","line":247,"loc":{"start":{"line":247,"column":24},"end":{"line":249,"column":3}},"locations":[{"start":{"line":247,"column":24},"end":{"line":249,"column":3}}]},"26":{"type":"branch","line":251,"loc":{"start":{"line":251,"column":24},"end":{"line":253,"column":3}},"locations":[{"start":{"line":251,"column":24},"end":{"line":253,"column":3}}]},"27":{"type":"branch","line":261,"loc":{"start":{"line":261,"column":0},"end":{"line":277,"column":1}},"locations":[{"start":{"line":261,"column":0},"end":{"line":277,"column":1}}]},"28":{"type":"branch","line":264,"loc":{"start":{"line":264,"column":21},"end":{"line":264,"column":40}},"locations":[{"start":{"line":264,"column":21},"end":{"line":264,"column":40}}]},"29":{"type":"branch","line":266,"loc":{"start":{"line":266,"column":17},"end":{"line":268,"column":13}},"locations":[{"start":{"line":266,"column":17},"end":{"line":268,"column":13}}]},"30":{"type":"branch","line":268,"loc":{"start":{"line":268,"column":2},"end":{"line":272,"column":3}},"locations":[{"start":{"line":268,"column":2},"end":{"line":272,"column":3}}]},"31":{"type":"branch","line":270,"loc":{"start":{"line":270,"column":2},"end":{"line":272,"column":3}},"locations":[{"start":{"line":270,"column":2},"end":{"line":272,"column":3}}]},"32":{"type":"branch","line":280,"loc":{"start":{"line":280,"column":0},"end":{"line":288,"column":1}},"locations":[{"start":{"line":280,"column":0},"end":{"line":288,"column":1}}]},"33":{"type":"branch","line":283,"loc":{"start":{"line":283,"column":21},"end":{"line":283,"column":40}},"locations":[{"start":{"line":283,"column":21},"end":{"line":283,"column":40}}]},"34":{"type":"branch","line":291,"loc":{"start":{"line":291,"column":0},"end":{"line":296,"column":1}},"locations":[{"start":{"line":291,"column":0},"end":{"line":296,"column":1}}]},"35":{"type":"branch","line":292,"loc":{"start":{"line":292,"column":23},"end":{"line":292,"column":40}},"locations":[{"start":{"line":292,"column":23},"end":{"line":292,"column":40}}]},"36":{"type":"branch","line":292,"loc":{"start":{"line":292,"column":36},"end":{"line":292,"column":43}},"locations":[{"start":{"line":292,"column":36},"end":{"line":292,"column":43}}]},"37":{"type":"branch","line":299,"loc":{"start":{"line":299,"column":0},"end":{"line":321,"column":1}},"locations":[{"start":{"line":299,"column":0},"end":{"line":321,"column":1}}]},"38":{"type":"branch","line":303,"loc":{"start":{"line":303,"column":39},"end":{"line":303,"column":48}},"locations":[{"start":{"line":303,"column":39},"end":{"line":303,"column":48}}]},"39":{"type":"branch","line":306,"loc":{"start":{"line":306,"column":23},"end":{"line":308,"column":3}},"locations":[{"start":{"line":306,"column":23},"end":{"line":308,"column":3}}]},"40":{"type":"branch","line":310,"loc":{"start":{"line":310,"column":19},"end":{"line":312,"column":3}},"locations":[{"start":{"line":310,"column":19},"end":{"line":312,"column":3}}]},"41":{"type":"branch","line":314,"loc":{"start":{"line":314,"column":19},"end":{"line":316,"column":3}},"locations":[{"start":{"line":314,"column":19},"end":{"line":316,"column":3}}]},"42":{"type":"branch","line":324,"loc":{"start":{"line":324,"column":0},"end":{"line":329,"column":1}},"locations":[{"start":{"line":324,"column":0},"end":{"line":329,"column":1}}]},"43":{"type":"branch","line":332,"loc":{"start":{"line":332,"column":0},"end":{"line":337,"column":1}},"locations":[{"start":{"line":332,"column":0},"end":{"line":337,"column":1}}]},"44":{"type":"branch","line":334,"loc":{"start":{"line":334,"column":15},"end":{"line":334,"column":51}},"locations":[{"start":{"line":334,"column":15},"end":{"line":334,"column":51}}]},"45":{"type":"branch","line":340,"loc":{"start":{"line":340,"column":0},"end":{"line":351,"column":1}},"locations":[{"start":{"line":340,"column":0},"end":{"line":351,"column":1}}]},"46":{"type":"branch","line":343,"loc":{"start":{"line":343,"column":18},"end":{"line":343,"column":37}},"locations":[{"start":{"line":343,"column":18},"end":{"line":343,"column":37}}]},"47":{"type":"branch","line":344,"loc":{"start":{"line":344,"column":18},"end":{"line":344,"column":60}},"locations":[{"start":{"line":344,"column":18},"end":{"line":344,"column":60}}]},"48":{"type":"branch","line":345,"loc":{"start":{"line":345,"column":18},"end":{"line":345,"column":60}},"locations":[{"start":{"line":345,"column":18},"end":{"line":345,"column":60}}]},"49":{"type":"branch","line":346,"loc":{"start":{"line":346,"column":23},"end":{"line":346,"column":59}},"locations":[{"start":{"line":346,"column":23},"end":{"line":346,"column":59}}]},"50":{"type":"branch","line":354,"loc":{"start":{"line":354,"column":0},"end":{"line":358,"column":1}},"locations":[{"start":{"line":354,"column":0},"end":{"line":358,"column":1}}]},"51":{"type":"branch","line":361,"loc":{"start":{"line":361,"column":0},"end":{"line":365,"column":1}},"locations":[{"start":{"line":361,"column":0},"end":{"line":365,"column":1}}]},"52":{"type":"branch","line":362,"loc":{"start":{"line":362,"column":23},"end":{"line":362,"column":53}},"locations":[{"start":{"line":362,"column":23},"end":{"line":362,"column":53}}]},"53":{"type":"branch","line":368,"loc":{"start":{"line":368,"column":0},"end":{"line":373,"column":1}},"locations":[{"start":{"line":368,"column":0},"end":{"line":373,"column":1}}]},"54":{"type":"branch","line":376,"loc":{"start":{"line":376,"column":0},"end":{"line":381,"column":1}},"locations":[{"start":{"line":376,"column":0},"end":{"line":381,"column":1}}]},"55":{"type":"branch","line":378,"loc":{"start":{"line":378,"column":15},"end":{"line":378,"column":51}},"locations":[{"start":{"line":378,"column":15},"end":{"line":378,"column":51}}]},"56":{"type":"branch","line":384,"loc":{"start":{"line":384,"column":0},"end":{"line":395,"column":1}},"locations":[{"start":{"line":384,"column":0},"end":{"line":395,"column":1}}]},"57":{"type":"branch","line":387,"loc":{"start":{"line":387,"column":18},"end":{"line":387,"column":37}},"locations":[{"start":{"line":387,"column":18},"end":{"line":387,"column":37}}]},"58":{"type":"branch","line":388,"loc":{"start":{"line":388,"column":26},"end":{"line":388,"column":84}},"locations":[{"start":{"line":388,"column":26},"end":{"line":388,"column":84}}]},"59":{"type":"branch","line":389,"loc":{"start":{"line":389,"column":25},"end":{"line":389,"column":81}},"locations":[{"start":{"line":389,"column":25},"end":{"line":389,"column":81}}]},"60":{"type":"branch","line":390,"loc":{"start":{"line":390,"column":41},"end":{"line":390,"column":108}},"locations":[{"start":{"line":390,"column":41},"end":{"line":390,"column":108}}]},"61":{"type":"branch","line":398,"loc":{"start":{"line":398,"column":0},"end":{"line":402,"column":1}},"locations":[{"start":{"line":398,"column":0},"end":{"line":402,"column":1}}]},"62":{"type":"branch","line":399,"loc":{"start":{"line":399,"column":23},"end":{"line":399,"column":53}},"locations":[{"start":{"line":399,"column":23},"end":{"line":399,"column":53}}]},"63":{"type":"branch","line":405,"loc":{"start":{"line":405,"column":0},"end":{"line":410,"column":1}},"locations":[{"start":{"line":405,"column":0},"end":{"line":410,"column":1}}]},"64":{"type":"branch","line":413,"loc":{"start":{"line":413,"column":0},"end":{"line":418,"column":1}},"locations":[{"start":{"line":413,"column":0},"end":{"line":418,"column":1}}]},"65":{"type":"branch","line":415,"loc":{"start":{"line":415,"column":15},"end":{"line":415,"column":51}},"locations":[{"start":{"line":415,"column":15},"end":{"line":415,"column":51}}]},"66":{"type":"branch","line":421,"loc":{"start":{"line":421,"column":0},"end":{"line":443,"column":1}},"locations":[{"start":{"line":421,"column":0},"end":{"line":443,"column":1}}]},"67":{"type":"branch","line":425,"loc":{"start":{"line":425,"column":34},"end":{"line":429,"column":9}},"locations":[{"start":{"line":425,"column":34},"end":{"line":429,"column":9}}]},"68":{"type":"branch","line":434,"loc":{"start":{"line":434,"column":29},"end":{"line":434,"column":47}},"locations":[{"start":{"line":434,"column":29},"end":{"line":434,"column":47}}]},"69":{"type":"branch","line":437,"loc":{"start":{"line":437,"column":24},"end":{"line":437,"column":68}},"locations":[{"start":{"line":437,"column":24},"end":{"line":437,"column":68}}]},"70":{"type":"branch","line":438,"loc":{"start":{"line":438,"column":24},"end":{"line":438,"column":68}},"locations":[{"start":{"line":438,"column":24},"end":{"line":438,"column":68}}]},"71":{"type":"branch","line":446,"loc":{"start":{"line":446,"column":0},"end":{"line":452,"column":1}},"locations":[{"start":{"line":446,"column":0},"end":{"line":452,"column":1}}]},"72":{"type":"branch","line":448,"loc":{"start":{"line":448,"column":18},"end":{"line":448,"column":40}},"locations":[{"start":{"line":448,"column":18},"end":{"line":448,"column":40}}]},"73":{"type":"branch","line":455,"loc":{"start":{"line":455,"column":0},"end":{"line":459,"column":1}},"locations":[{"start":{"line":455,"column":0},"end":{"line":459,"column":1}}]},"74":{"type":"branch","line":462,"loc":{"start":{"line":462,"column":0},"end":{"line":471,"column":1}},"locations":[{"start":{"line":462,"column":0},"end":{"line":471,"column":1}}]},"75":{"type":"branch","line":474,"loc":{"start":{"line":474,"column":0},"end":{"line":488,"column":1}},"locations":[{"start":{"line":474,"column":0},"end":{"line":488,"column":1}}]},"76":{"type":"branch","line":481,"loc":{"start":{"line":481,"column":11},"end":{"line":481,"column":35}},"locations":[{"start":{"line":481,"column":11},"end":{"line":481,"column":35}}]},"77":{"type":"branch","line":481,"loc":{"start":{"line":481,"column":35},"end":{"line":483,"column":3}},"locations":[{"start":{"line":481,"column":35},"end":{"line":483,"column":3}}]},"78":{"type":"branch","line":491,"loc":{"start":{"line":491,"column":0},"end":{"line":501,"column":1}},"locations":[{"start":{"line":491,"column":0},"end":{"line":501,"column":1}}]},"79":{"type":"branch","line":494,"loc":{"start":{"line":494,"column":19},"end":{"line":496,"column":3}},"locations":[{"start":{"line":494,"column":19},"end":{"line":496,"column":3}}]},"80":{"type":"branch","line":504,"loc":{"start":{"line":504,"column":0},"end":{"line":508,"column":1}},"locations":[{"start":{"line":504,"column":0},"end":{"line":508,"column":1}}]},"81":{"type":"branch","line":505,"loc":{"start":{"line":505,"column":23},"end":{"line":505,"column":59}},"locations":[{"start":{"line":505,"column":23},"end":{"line":505,"column":59}}]},"82":{"type":"branch","line":511,"loc":{"start":{"line":511,"column":0},"end":{"line":521,"column":1}},"locations":[{"start":{"line":511,"column":0},"end":{"line":521,"column":1}}]},"83":{"type":"branch","line":514,"loc":{"start":{"line":514,"column":22},"end":{"line":514,"column":57}},"locations":[{"start":{"line":514,"column":22},"end":{"line":514,"column":57}}]},"84":{"type":"branch","line":515,"loc":{"start":{"line":515,"column":25},"end":{"line":515,"column":79}},"locations":[{"start":{"line":515,"column":25},"end":{"line":515,"column":79}}]},"85":{"type":"branch","line":524,"loc":{"start":{"line":524,"column":0},"end":{"line":533,"column":1}},"locations":[{"start":{"line":524,"column":0},"end":{"line":533,"column":1}}]},"86":{"type":"branch","line":528,"loc":{"start":{"line":528,"column":20},"end":{"line":530,"column":3}},"locations":[{"start":{"line":528,"column":20},"end":{"line":530,"column":3}}]},"87":{"type":"branch","line":536,"loc":{"start":{"line":536,"column":0},"end":{"line":555,"column":1}},"locations":[{"start":{"line":536,"column":0},"end":{"line":555,"column":1}}]},"88":{"type":"branch","line":841,"loc":{"start":{"line":841,"column":0},"end":{"line":845,"column":1}},"locations":[{"start":{"line":841,"column":0},"end":{"line":845,"column":1}}]}},"b":{"0":[39],"1":[40],"2":[5],"3":[1],"4":[1],"5":[4],"6":[1],"7":[1],"8":[3],"9":[1],"10":[1],"11":[0],"12":[0],"13":[0],"14":[0],"15":[2],"16":[0],"17":[0],"18":[0],"19":[0],"20":[0],"21":[0],"22":[0],"23":[0],"24":[0],"25":[0],"26":[0],"27":[3],"28":[1],"29":[2],"30":[1],"31":[0],"32":[1],"33":[0],"34":[2],"35":[1],"36":[1],"37":[1],"38":[0],"39":[0],"40":[0],"41":[0],"42":[1],"43":[1],"44":[0],"45":[2],"46":[0],"47":[0],"48":[0],"49":[1],"50":[1],"51":[1],"52":[0],"53":[1],"54":[1],"55":[0],"56":[2],"57":[0],"58":[1],"59":[0],"60":[0],"61":[1],"62":[0],"63":[1],"64":[1],"65":[0],"66":[1],"67":[0],"68":[0],"69":[0],"70":[0],"71":[2],"72":[1],"73":[2],"74":[1],"75":[1],"76":[0],"77":[0],"78":[2],"79":[1],"80":[1],"81":[0],"82":[2],"83":[1],"84":[0],"85":[1],"86":[0],"87":[1],"88":[1]},"fnMap":{"0":{"name":"setExecutor","decl":{"start":{"line":12,"column":7},"end":{"line":14,"column":1}},"loc":{"start":{"line":12,"column":7},"end":{"line":14,"column":1}},"line":12},"1":{"name":"getExecutor","decl":{"start":{"line":16,"column":7},"end":{"line":18,"column":1}},"loc":{"start":{"line":16,"column":7},"end":{"line":18,"column":1}},"line":16},"2":{"name":"executeLVMCommand","decl":{"start":{"line":196,"column":0},"end":{"line":204,"column":1}},"loc":{"start":{"line":196,"column":0},"end":{"line":204,"column":1}},"line":196},"3":{"name":"lvcreate","decl":{"start":{"line":207,"column":0},"end":{"line":258,"column":1}},"loc":{"start":{"line":207,"column":0},"end":{"line":258,"column":1}},"line":207},"4":{"name":"lvextend","decl":{"start":{"line":261,"column":0},"end":{"line":277,"column":1}},"loc":{"start":{"line":261,"column":0},"end":{"line":277,"column":1}},"line":261},"5":{"name":"lvreduce","decl":{"start":{"line":280,"column":0},"end":{"line":288,"column":1}},"loc":{"start":{"line":280,"column":0},"end":{"line":288,"column":1}},"line":280},"6":{"name":"lvremove","decl":{"start":{"line":291,"column":0},"end":{"line":296,"column":1}},"loc":{"start":{"line":291,"column":0},"end":{"line":296,"column":1}},"line":291},"7":{"name":"lvchange","decl":{"start":{"line":299,"column":0},"end":{"line":321,"column":1}},"loc":{"start":{"line":299,"column":0},"end":{"line":321,"column":1}},"line":299},"8":{"name":"lvdisplay","decl":{"start":{"line":324,"column":0},"end":{"line":329,"column":1}},"loc":{"start":{"line":324,"column":0},"end":{"line":329,"column":1}},"line":324},"9":{"name":"lvs","decl":{"start":{"line":332,"column":0},"end":{"line":337,"column":1}},"loc":{"start":{"line":332,"column":0},"end":{"line":337,"column":1}},"line":332},"10":{"name":"vgcreate","decl":{"start":{"line":340,"column":0},"end":{"line":351,"column":1}},"loc":{"start":{"line":340,"column":0},"end":{"line":351,"column":1}},"line":340},"11":{"name":"vgextend","decl":{"start":{"line":354,"column":0},"end":{"line":358,"column":1}},"loc":{"start":{"line":354,"column":0},"end":{"line":358,"column":1}},"line":354},"12":{"name":"vgremove","decl":{"start":{"line":361,"column":0},"end":{"line":365,"column":1}},"loc":{"start":{"line":361,"column":0},"end":{"line":365,"column":1}},"line":361},"13":{"name":"vgdisplay","decl":{"start":{"line":368,"column":0},"end":{"line":373,"column":1}},"loc":{"start":{"line":368,"column":0},"end":{"line":373,"column":1}},"line":368},"14":{"name":"vgs","decl":{"start":{"line":376,"column":0},"end":{"line":381,"column":1}},"loc":{"start":{"line":376,"column":0},"end":{"line":381,"column":1}},"line":376},"15":{"name":"pvcreate","decl":{"start":{"line":384,"column":0},"end":{"line":395,"column":1}},"loc":{"start":{"line":384,"column":0},"end":{"line":395,"column":1}},"line":384},"16":{"name":"pvremove","decl":{"start":{"line":398,"column":0},"end":{"line":402,"column":1}},"loc":{"start":{"line":398,"column":0},"end":{"line":402,"column":1}},"line":398},"17":{"name":"pvdisplay","decl":{"start":{"line":405,"column":0},"end":{"line":410,"column":1}},"loc":{"start":{"line":405,"column":0},"end":{"line":410,"column":1}},"line":405},"18":{"name":"pvs","decl":{"start":{"line":413,"column":0},"end":{"line":418,"column":1}},"loc":{"start":{"line":413,"column":0},"end":{"line":418,"column":1}},"line":413},"19":{"name":"cache_create","decl":{"start":{"line":421,"column":0},"end":{"line":443,"column":1}},"loc":{"start":{"line":421,"column":0},"end":{"line":443,"column":1}},"line":421},"20":{"name":"splitcache","decl":{"start":{"line":446,"column":0},"end":{"line":452,"column":1}},"loc":{"start":{"line":446,"column":0},"end":{"line":452,"column":1}},"line":446},"21":{"name":"raidscrub","decl":{"start":{"line":455,"column":0},"end":{"line":459,"column":1}},"loc":{"start":{"line":455,"column":0},"end":{"line":459,"column":1}},"line":455},"22":{"name":"setraidrecoveryrate","decl":{"start":{"line":462,"column":0},"end":{"line":471,"column":1}},"loc":{"start":{"line":462,"column":0},"end":{"line":471,"column":1}},"line":462},"23":{"name":"snapshot_create","decl":{"start":{"line":474,"column":0},"end":{"line":488,"column":1}},"loc":{"start":{"line":474,"column":0},"end":{"line":488,"column":1}},"line":474},"24":{"name":"listsnapshots","decl":{"start":{"line":491,"column":0},"end":{"line":501,"column":1}},"loc":{"start":{"line":491,"column":0},"end":{"line":501,"column":1}},"line":491},"25":{"name":"removesnapshot","decl":{"start":{"line":504,"column":0},"end":{"line":508,"column":1}},"loc":{"start":{"line":504,"column":0},"end":{"line":508,"column":1}},"line":504},"26":{"name":"thinpool_create","decl":{"start":{"line":511,"column":0},"end":{"line":521,"column":1}},"loc":{"start":{"line":511,"column":0},"end":{"line":521,"column":1}},"line":511},"27":{"name":"conf_read","decl":{"start":{"line":524,"column":0},"end":{"line":533,"column":1}},"loc":{"start":{"line":524,"column":0},"end":{"line":533,"column":1}},"line":524},"28":{"name":"conf_write","decl":{"start":{"line":536,"column":0},"end":{"line":555,"column":1}},"loc":{"start":{"line":536,"column":0},"end":{"line":555,"column":1}},"line":536},"29":{"name":"main","decl":{"start":{"line":841,"column":0},"end":{"line":845,"column":1}},"loc":{"start":{"line":841,"column":0},"end":{"line":845,"column":1}},"line":841}},"f":{"0":39,"1":0,"2":40,"3":5,"4":3,"5":1,"6":2,"7":1,"8":1,"9":1,"10":2,"11":1,"12":1,"13":1,"14":1,"15":2,"16":1,"17":1,"18":1,"19":1,"20":2,"21":2,"22":1,"23":1,"24":2,"25":1,"26":2,"27":1,"28":1,"29":1}}
,"/home/runner/work/lvm-mcp/lvm-mcp/vitest.config.ts": {"path":"/home/runner/work/lvm-mcp/lvm-mcp/vitest.config.ts","all":true,"statementMap":{"0":{"start":{"line":1,"column":0},"end":{"line":1,"column":45}},"2":{"start":{"line":3,"column":0},"end":{"line":3,"column":29}},"3":{"start":{"line":4,"column":0},"end":{"line":4,"column":9}},"4":{"start":{"line":5,"column":0},"end":{"line":5,"column":18}},"5":{"start":{"line":6,"column":0},"end":{"line":6,"column":24}},"6":{"start":{"line":7,"column":0},"end":{"line":7,"column":40}},"7":{"start":{"line":8,"column":0},"end":{"line":8,"column":40}},"8":{"start":{"line":9,"column":0},"end":{"line":9,"column":15}},"9":{"start":{"line":10,"column":0},"end":{"line":10,"column":21}},"10":{"start":{"line":11,"column":0},"end":{"line":11,"column":41}},"11":{"start":{"line":12,"column":0},"end":{"line":12,"column":16}},"12":{"start":{"line":13,"column":0},"end":{"line":13,"column":24}},"13":{"start":{"line":14,"column":0},"end":{"line":14,"column":16}},"14":{"start":{"line":15,"column":0},"end":{"line":15,"column":23}},"15":{"start":{"line":16,"column":0},"end":{"line":16,"column":23}},"16":{"start":{"line":17,"column":0},"end":{"line":17,"column":8}},"17":{"start":{"line":18,"column":0},"end":{"line":18,"column":6}},"18":{"start":{"line":19,"column":0},"end":{"line":19,"column":4}},"19":{"start":{"line":20,"column":0},"end":{"line":20,"column":3}}},"s":{"0":0,"2":0,"3":0,"4":0,"5":0,"6":0,"7":0,"8":0,"9":0,"10":0,"11":0,"12":0,"13":0,"14":0,"15":0,"16":0,"17":0,"18":0,"19":0},"branchMap":{"0":{"type":"branch","line":1,"loc":{"start":{"line":1,"column":0},"end":{"line":20,"column":-87}},"locations":[{"start":{"line":1,"column":0},"end":{"line":20,"column":-87}}]}},"b":{"0":[0]},"fnMap":{"0":{"name":"(empty-report)","decl":{"start":{"line":1,"column":0},"end":{"line":20,"column":-87}},"loc":{"start":{"line":1,"column":0},"end":{"line":20,"column":-87}},"line":1}},"f":{"0":0}}
,"/home/runner/work/lvm-mcp/lvm-mcp/__tests__/mocks/lvm-mock.ts": {"path":"/home/runner/work/lvm-mcp/lvm-mcp/__tests__/mocks/lvm-mock.ts","all":false,"statementMap":{"7":{"start":{"line":8,"column":0},"end":{"line":8,"column":53}},"8":{"start":{"line":9,"column":0},"end":{"line":9,"column":50}},"10":{"start":{"line":11,"column":0},"end":{"line":11,"column":17}},"11":{"start":{"line":12,"column":0},"end":{"line":12,"column":30}},"12":{"start":{"line":13,"column":0},"end":{"line":13,"column":3}},"17":{"start":{"line":18,"column":0},"end":{"line":18,"column":63}},"18":{"start":{"line":19,"column":0},"end":{"line":19,"column":39}},"19":{"start":{"line":20,"column":0},"end":{"line":20,"column":3}},"24":{"start":{"line":25,"column":0},"end":{"line":25,"column":77}},"25":{"start":{"line":26,"column":0},"end":{"line":26,"column":55}},"28":{"start":{"line":29,"column":0},"end":{"line":29,"column":41}},"29":{"start":{"line":30,"column":0},"end":{"line":30,"column":45}},"30":{"start":{"line":31,"column":0},"end":{"line":31,"column":5}},"33":{"start":{"line":34,"column":0},"end":{"line":34,"column":56}},"34":{"start":{"line":35,"column":0},"end":{"line":35,"column":89}},"35":{"start":{"line":36,"column":0},"end":{"line":36,"column":16}},"36":{"start":{"line":37,"column":0},"end":{"line":37,"column":20}},"37":{"start":{"line":38,"column":0},"end":{"line":38,"column":30}},"38":{"start":{"line":39,"column":0},"end":{"line":39,"column":10}},"39":{"start":{"line":40,"column":0},"end":{"line":40,"column":7}},"40":{"start":{"line":41,"column":0},"end":{"line":41,"column":5}},"43":{"start":{"line":44,"column":0},"end":{"line":44,"column":12}},"44":{"start":{"line":45,"column":0},"end":{"line":45,"column":20}},"45":{"start":{"line":46,"column":0},"end":{"line":46,"column":49}},"46":{"start":{"line":47,"column":0},"end":{"line":47,"column":17}},"47":{"start":{"line":48,"column":0},"end":{"line":48,"column":20}},"48":{"start":{"line":49,"column":0},"end":{"line":49,"column":27}},"49":{"start":{"line":50,"column":0},"end":{"line":50,"column":6}},"50":{"start":{"line":51,"column":0},"end":{"line":51,"column":3}},"55":{"start":{"line":56,"column":0},"end":{"line":56,"column":17}},"56":{"start":{"line":57,"column":0},"end":{"line":57,"column":26}},"57":{"start":{"line":58,"column":0},"end":{"line":58,"column":3}},"62":{"start":{"line":63,"column":0},"end":{"line":63,"column":59}},"63":{"start":{"line":64,"column":0},"end":{"line":64,"column":35}},"64":{"start":{"line":65,"column":0},"end":{"line":65,"column":3}},"65":{"start":{"line":66,"column":0},"end":{"line":66,"column":1}},"70":{"start":{"line":71,"column":0},"end":{"line":71,"column":40}},"78":{"start":{"line":79,"column":0},"end":{"line":79,"column":40}},"85":{"start":{"line":86,"column":0},"end":{"line":86,"column":40}},"93":{"start":{"line":94,"column":0},"end":{"line":94,"column":34}},"103":{"start":{"line":104,"column":0},"end":{"line":104,"column":40}},"111":{"start":{"line":112,"column":0},"end":{"line":112,"column":42}},"119":{"start":{"line":120,"column":0},"end":{"line":120,"column":40}},"138":{"start":{"line":139,"column":0},"end":{"line":139,"column":83}},"139":{"start":{"line":140,"column":0},"end":{"line":140,"column":10}},"140":{"start":{"line":141,"column":0},"end":{"line":141,"column":18}},"141":{"start":{"line":142,"column":0},"end":{"line":142,"column":11}},"142":{"start":{"line":143,"column":0},"end":{"line":143,"column":15}},"143":{"start":{"line":144,"column":0},"end":{"line":144,"column":18}},"144":{"start":{"line":145,"column":0},"end":{"line":145,"column":28}},"145":{"start":{"line":146,"column":0},"end":{"line":146,"column":4}},"146":{"start":{"line":147,"column":0},"end":{"line":147,"column":1}},"151":{"start":{"line":152,"column":0},"end":{"line":152,"column":34}},"152":{"start":{"line":153,"column":0},"end":{"line":153,"column":36}},"153":{"start":{"line":154,"column":0},"end":{"line":154,"column":24}},"154":{"start":{"line":155,"column":0},"end":{"line":155,"column":21}},"155":{"start":{"line":156,"column":0},"end":{"line":156,"column":10}},"156":{"start":{"line":157,"column":0},"end":{"line":157,"column":19}},"157":{"start":{"line":158,"column":0},"end":{"line":158,"column":15}},"158":{"start":{"line":159,"column":0},"end":{"line":159,"column":11}},"159":{"start":{"line":160,"column":0},"end":{"line":160,"column":15}},"160":{"start":{"line":161,"column":0},"end":{"line":161,"column":28}},"161":{"start":{"line":162,"column":0},"end":{"line":162,"column":4}},"162":{"start":{"line":163,"column":0},"end":{"line":163,"column":1}},"167":{"start":{"line":168,"column":0},"end":{"line":168,"column":34}},"168":{"start":{"line":169,"column":0},"end":{"line":169,"column":17}},"169":{"start":{"line":170,"column":0},"end":{"line":170,"column":67}},"170":{"start":{"line":171,"column":0},"end":{"line":171,"column":9}},"171":{"start":{"line":172,"column":0},"end":{"line":172,"column":31}},"172":{"start":{"line":173,"column":0},"end":{"line":173,"column":19}},"173":{"start":{"line":174,"column":0},"end":{"line":174,"column":41}},"174":{"start":{"line":175,"column":0},"end":{"line":175,"column":23}},"175":{"start":{"line":176,"column":0},"end":{"line":176,"column":65}},"176":{"start":{"line":177,"column":0},"end":{"line":177,"column":7}},"178":{"start":{"line":179,"column":0},"end":{"line":179,"column":51}},"179":{"start":{"line":180,"column":0},"end":{"line":180,"column":63}},"180":{"start":{"line":181,"column":0},"end":{"line":181,"column":7}},"182":{"start":{"line":183,"column":0},"end":{"line":183,"column":53}},"183":{"start":{"line":184,"column":0},"end":{"line":184,"column":24}},"184":{"start":{"line":185,"column":0},"end":{"line":185,"column":88}},"185":{"start":{"line":186,"column":0},"end":{"line":186,"column":10}},"186":{"start":{"line":187,"column":0},"end":{"line":187,"column":7}},"187":{"start":{"line":188,"column":0},"end":{"line":188,"column":5}},"188":{"start":{"line":189,"column":0},"end":{"line":189,"column":3}},"189":{"start":{"line":190,"column":0},"end":{"line":190,"column":1}}},"s":{"7":1,"8":131,"10":131,"11":131,"12":131,"17":131,"18":49,"19":49,"24":131,"25":131,"28":131,"29":32,"30":32,"33":106,"34":18,"35":11,"36":11,"37":11,"38":11,"39":11,"40":18,"43":88,"44":88,"45":88,"46":88,"47":88,"48":88,"49":88,"50":131,"55":131,"56":39,"57":39,"62":131,"63":99,"64":99,"65":131,"70":1,"78":1,"85":1,"93":1,"103":1,"111":1,"119":1,"138":1,"139":10,"140":10,"141":10,"142":10,"143":10,"144":10,"145":10,"146":10,"151":1,"152":0,"153":0,"154":0,"155":0,"156":0,"157":0,"158":0,"159":0,"160":0,"161":0,"162":0,"167":1,"168":0,"169":0,"170":0,"171":0,"172":0,"173":0,"174":0,"175":0,"176":0,"178":0,"179":0,"180":0,"182":0,"183":0,"184":0,"185":0,"186":0,"187":0,"188":0,"189":0},"branchMap":{"0":{"type":"branch","line":8,"loc":{"start":{"line":8,"column":7},"end":{"line":66,"column":1}},"locations":[{"start":{"line":8,"column":7},"end":{"line":66,"column":1}}]},"1":{"type":"branch","line":11,"loc":{"start":{"line":11,"column":2},"end":{"line":13,"column":3}},"locations":[{"start":{"line":11,"column":2},"end":{"line":13,"column":3}}]},"2":{"type":"branch","line":18,"loc":{"start":{"line":18,"column":2},"end":{"line":20,"column":3}},"locations":[{"start":{"line":18,"column":2},"end":{"line":20,"column":3}}]},"3":{"type":"branch","line":25,"loc":{"start":{"line":25,"column":2},"end":{"line":51,"column":3}},"locations":[{"start":{"line":25,"column":2},"end":{"line":51,"column":3}}]},"4":{"type":"branch","line":29,"loc":{"start":{"line":29,"column":40},"end":{"line":31,"column":5}},"locations":[{"start":{"line":29,"column":40},"end":{"line":31,"column":5}}]},"5":{"type":"branch","line":31,"loc":{"start":{"line":31,"column":4},"end":{"line":41,"column":5}},"locations":[{"start":{"line":31,"column":4},"end":{"line":41,"column":5}}]},"6":{"type":"branch","line":31,"loc":{"start":{"line":31,"column":4},"end":{"line":34,"column":55}},"locations":[{"start":{"line":31,"column":4},"end":{"line":34,"column":55}}]},"7":{"type":"branch","line":34,"loc":{"start":{"line":34,"column":55},"end":{"line":41,"column":5}},"locations":[{"start":{"line":34,"column":55},"end":{"line":41,"column":5}}]},"8":{"type":"branch","line":35,"loc":{"start":{"line":35,"column":39},"end":{"line":35,"column":88}},"locations":[{"start":{"line":35,"column":39},"end":{"line":35,"column":88}}]},"9":{"type":"branch","line":35,"loc":{"start":{"line":35,"column":88},"end":{"line":40,"column":7}},"locations":[{"start":{"line":35,"column":88},"end":{"line":40,"column":7}}]},"10":{"type":"branch","line":41,"loc":{"start":{"line":41,"column":4},"end":{"line":50,"column":6}},"locations":[{"start":{"line":41,"column":4},"end":{"line":50,"column":6}}]},"11":{"type":"branch","line":35,"loc":{"start":{"line":35,"column":54},"end":{"line":35,"column":85}},"locations":[{"start":{"line":35,"column":54},"end":{"line":35,"column":85}}]},"12":{"type":"branch","line":56,"loc":{"start":{"line":56,"column":2},"end":{"line":58,"column":3}},"locations":[{"start":{"line":56,"column":2},"end":{"line":58,"column":3}}]},"13":{"type":"branch","line":63,"loc":{"start":{"line":63,"column":2},"end":{"line":65,"column":3}},"locations":[{"start":{"line":63,"column":2},"end":{"line":65,"column":3}}]},"14":{"type":"branch","line":139,"loc":{"start":{"line":139,"column":7},"end":{"line":147,"column":1}},"locations":[{"start":{"line":139,"column":7},"end":{"line":147,"column":1}}]}},"b":{"0":[131],"1":[131],"2":[49],"3":[131],"4":[32],"5":[106],"6":[99],"7":[18],"8":[16],"9":[11],"10":[88],"11":[16],"12":[39],"13":[99],"14":[10]},"fnMap":{"0":{"name":"<instance_members_initializer>","decl":{"start":{"line":8,"column":7},"end":{"line":66,"column":1}},"loc":{"start":{"line":8,"column":7},"end":{"line":66,"column":1}},"line":8},"1":{"name":"MockLVMExecutor","decl":{"start":{"line":11,"column":2},"end":{"line":13,"column":3}},"loc":{"start":{"line":11,"column":2},"end":{"line":13,"column":3}},"line":11},"2":{"name":"setCommand","decl":{"start":{"line":18,"column":2},"end":{"line":20,"column":3}},"loc":{"start":{"line":18,"column":2},"end":{"line":20,"column":3}},"line":18},"3":{"name":"execute","decl":{"start":{"line":25,"column":2},"end":{"line":51,"column":3}},"loc":{"start":{"line":25,"column":2},"end":{"line":51,"column":3}},"line":25},"4":{"name":"clear","decl":{"start":{"line":56,"column":2},"end":{"line":58,"column":3}},"loc":{"start":{"line":56,"column":2},"end":{"line":58,"column":3}},"line":56},"5":{"name":"entries","decl":{"start":{"line":63,"column":2},"end":{"line":65,"column":3}},"loc":{"start":{"line":63,"column":2},"end":{"line":65,"column":3}},"line":63},"6":{"name":"createSuccessResult","decl":{"start":{"line":139,"column":7},"end":{"line":147,"column":1}},"loc":{"start":{"line":139,"column":7},"end":{"line":147,"column":1}},"line":139},"7":{"name":"createErrorResult","decl":{"start":{"line":152,"column":7},"end":{"line":163,"column":1}},"loc":{"start":{"line":152,"column":7},"end":{"line":163,"column":1}},"line":152},"8":{"name":"expectCommandArgs","decl":{"start":{"line":168,"column":7},"end":{"line":190,"column":1}},"loc":{"start":{"line":168,"column":7},"end":{"line":190,"column":1}},"line":168}},"f":{"0":131,"1":131,"2":49,"3":131,"4":39,"5":99,"6":10,"7":0,"8":0}}
}
